Using pre-set license
Built from '2022.3/staging' branch; Version is '2022.3.11f1 (d00248457e15) revision 13632072'; Using compiler version '192829333'; Build Type 'Release'
OS: 'Windows 10  (10.0.19045) 64bit Professional' Language: 'en' Physical Memory: 32620 MB
BatchMode: 1, IsHumanControllingUs: 0, StartBugReporterOnCrash: 0, Is64bit: 1, IsPro: 1

COMMAND LINE ARGUMENTS:
C:\Program Files\Unity\Hub\Editor\2022.3.11f1\Editor\Unity.exe
-adb2
-batchMode
-noUpm
-name
AssetImportWorker0
-projectPath
C:/Users/Admin/Documents/game basic/Game-Basic
-logFile
Logs/AssetImportWorker0.log
-srvPort
51290
Successfully changed project path to: C:/Users/Admin/Documents/game basic/Game-Basic
C:/Users/Admin/Documents/game basic/Game-Basic
[UnityMemory] Configuration Parameters - Can be set up in boot.config
    "memorysetup-bucket-allocator-granularity=16"
    "memorysetup-bucket-allocator-bucket-count=8"
    "memorysetup-bucket-allocator-block-size=33554432"
    "memorysetup-bucket-allocator-block-count=8"
    "memorysetup-main-allocator-block-size=16777216"
    "memorysetup-thread-allocator-block-size=16777216"
    "memorysetup-gfx-main-allocator-block-size=16777216"
    "memorysetup-gfx-thread-allocator-block-size=16777216"
    "memorysetup-cache-allocator-block-size=4194304"
    "memorysetup-typetree-allocator-block-size=2097152"
    "memorysetup-profiler-bucket-allocator-granularity=16"
    "memorysetup-profiler-bucket-allocator-bucket-count=8"
    "memorysetup-profiler-bucket-allocator-block-size=33554432"
    "memorysetup-profiler-bucket-allocator-block-count=8"
    "memorysetup-profiler-allocator-block-size=16777216"
    "memorysetup-profiler-editor-allocator-block-size=1048576"
    "memorysetup-temp-allocator-size-main=16777216"
    "memorysetup-job-temp-allocator-block-size=2097152"
    "memorysetup-job-temp-allocator-block-size-background=1048576"
    "memorysetup-job-temp-allocator-reduction-small-platforms=262144"
    "memorysetup-allocator-temp-initial-block-size-main=262144"
    "memorysetup-allocator-temp-initial-block-size-worker=262144"
    "memorysetup-temp-allocator-size-background-worker=32768"
    "memorysetup-temp-allocator-size-job-worker=262144"
    "memorysetup-temp-allocator-size-preload-manager=33554432"
    "memorysetup-temp-allocator-size-nav-mesh-worker=65536"
    "memorysetup-temp-allocator-size-audio-worker=65536"
    "memorysetup-temp-allocator-size-cloud-worker=32768"
    "memorysetup-temp-allocator-size-gi-baking-worker=262144"
    "memorysetup-temp-allocator-size-gfx=262144"
Player connection [6832] Host "[IP] 192.168.1.7 [Port] 0 [Flags] 2 [Guid] 2285241121 [EditorId] 2285241121 [Version] 1048832 [Id] WindowsEditor(7,DESKTOP-2DDMCEN) [Debug] 1 [PackageName] WindowsEditor [ProjectName] Editor" joined multi-casting on [225.0.0.222:54997]...

Player connection [6832] Host "[IP] 192.168.1.7 [Port] 0 [Flags] 2 [Guid] 2285241121 [EditorId] 2285241121 [Version] 1048832 [Id] WindowsEditor(7,DESKTOP-2DDMCEN) [Debug] 1 [PackageName] WindowsEditor [ProjectName] Editor" joined alternative multi-casting on [225.0.0.222:34997]...

[Physics::Module] Initialized MultithreadedJobDispatcher with 11 workers.
Refreshing native plugins compatible for Editor in 9.68 ms, found 4 plugins.
Preloading 0 native plugins for Editor in 0.00 ms.
Initialize engine version: 2022.3.11f1 (d00248457e15)
[Subsystems] Discovering subsystems at path C:/Program Files/Unity/Hub/Editor/2022.3.11f1/Editor/Data/Resources/UnitySubsystems
[Subsystems] Discovering subsystems at path C:/Users/Admin/Documents/game basic/Game-Basic/Assets
GfxDevice: creating device client; threaded=0; jobified=0
Direct3D:
    Version:  Direct3D 11.0 [level 11.1]
    Renderer: NVIDIA GeForce GTX 1660 Ti (ID=0x2182)
    Vendor:   NVIDIA
    VRAM:     5979 MB
    Driver:   31.0.15.3623
Initialize mono
Mono path[0] = 'C:/Program Files/Unity/Hub/Editor/2022.3.11f1/Editor/Data/Managed'
Mono path[1] = 'C:/Program Files/Unity/Hub/Editor/2022.3.11f1/Editor/Data/MonoBleedingEdge/lib/mono/unityjit-win32'
Mono config path = 'C:/Program Files/Unity/Hub/Editor/2022.3.11f1/Editor/Data/MonoBleedingEdge/etc'
Using monoOptions --debugger-agent=transport=dt_socket,embedding=1,server=y,suspend=n,address=127.0.0.1:56348
Begin MonoManager ReloadAssembly
Registering precompiled unity dll's ...
Register platform support module: C:/Program Files/Unity/Hub/Editor/2022.3.11f1/Editor/Data/PlaybackEngines/WindowsStandaloneSupport/UnityEditor.WindowsStandalone.Extensions.dll
Registered in 0.007848 seconds.
- Loaded All Assemblies, in  0.363 seconds
Native extension for WindowsStandalone target not found
Mono: successfully reloaded assembly
- Finished resetting the current domain, in  0.278 seconds
Domain Reload Profiling: 640ms
	BeginReloadAssembly (104ms)
		ExecutionOrderSort (0ms)
		DisableScriptedObjects (0ms)
		BackupInstance (0ms)
		ReleaseScriptingObjects (0ms)
		CreateAndSetChildDomain (1ms)
	RebuildCommonClasses (34ms)
	RebuildNativeTypeToScriptingClass (11ms)
	initialDomainReloadingComplete (61ms)
	LoadAllAssembliesAndSetupDomain (151ms)
		LoadAssemblies (102ms)
		RebuildTransferFunctionScriptingTraits (0ms)
		AnalyzeDomain (149ms)
			TypeCache.Refresh (148ms)
				TypeCache.ScanAssembly (130ms)
			ScanForSourceGeneratedMonoScriptInfo (0ms)
			ResolveRequiredComponents (0ms)
	FinalizeReload (279ms)
		ReleaseScriptCaches (0ms)
		RebuildScriptCaches (0ms)
		SetupLoadedEditorAssemblies (217ms)
			LogAssemblyErrors (0ms)
			InitializePlatformSupportModulesInManaged (9ms)
			SetLoadedEditorAssemblies (7ms)
			RefreshPlugins (0ms)
			BeforeProcessingInitializeOnLoad (2ms)
			ProcessInitializeOnLoadAttributes (139ms)
			ProcessInitializeOnLoadMethodAttributes (59ms)
			AfterProcessingInitializeOnLoad (0ms)
			EditorAssembliesLoaded (0ms)
		ExecutionOrderSort2 (0ms)
		AwakeInstancesAfterBackupRestoration (0ms)
========================================================================
Worker process is ready to serve import requests
Begin MonoManager ReloadAssembly
- Loaded All Assemblies, in  0.647 seconds
Refreshing native plugins compatible for Editor in 3.93 ms, found 4 plugins.
Native extension for WindowsStandalone target not found
Package Manager log level set to [2]
[Package Manager] Server::EnsureServerProcessIsRunning -- launch failed, reason: Unity was launched with the -noUpm command-line argument
[Package Manager] UpmClient::Send -- Unable to send message (not connected to UPM process).
[Package Manager] Cannot connect to Unity Package Manager local server
Mono: successfully reloaded assembly
- Finished resetting the current domain, in  0.630 seconds
Domain Reload Profiling: 1273ms
	BeginReloadAssembly (147ms)
		ExecutionOrderSort (0ms)
		DisableScriptedObjects (6ms)
		BackupInstance (0ms)
		ReleaseScriptingObjects (0ms)
		CreateAndSetChildDomain (23ms)
	RebuildCommonClasses (35ms)
	RebuildNativeTypeToScriptingClass (11ms)
	initialDomainReloadingComplete (43ms)
	LoadAllAssembliesAndSetupDomain (407ms)
		LoadAssemblies (295ms)
		RebuildTransferFunctionScriptingTraits (0ms)
		AnalyzeDomain (194ms)
			TypeCache.Refresh (163ms)
				TypeCache.ScanAssembly (146ms)
			ScanForSourceGeneratedMonoScriptInfo (25ms)
			ResolveRequiredComponents (5ms)
	FinalizeReload (630ms)
		ReleaseScriptCaches (0ms)
		RebuildScriptCaches (0ms)
		SetupLoadedEditorAssemblies (468ms)
			LogAssemblyErrors (0ms)
			InitializePlatformSupportModulesInManaged (6ms)
			SetLoadedEditorAssemblies (3ms)
			RefreshPlugins (0ms)
			BeforeProcessingInitializeOnLoad (75ms)
			ProcessInitializeOnLoadAttributes (339ms)
			ProcessInitializeOnLoadMethodAttributes (38ms)
			AfterProcessingInitializeOnLoad (7ms)
			EditorAssembliesLoaded (0ms)
		ExecutionOrderSort2 (0ms)
		AwakeInstancesAfterBackupRestoration (6ms)
Launched and connected shader compiler UnityShaderCompiler.exe after 0.04 seconds
Refreshing native plugins compatible for Editor in 5.04 ms, found 4 plugins.
Preloading 0 native plugins for Editor in 0.00 ms.
Unloading 4015 Unused Serialized files (Serialized files now loaded: 0)
Unloading 70 unused Assets / (245.1 KB). Loaded Objects now: 4471.
Memory consumption went from 142.9 MB to 142.7 MB.
Total: 3.420300 ms (FindLiveObjects: 0.330400 ms CreateObjectMapping: 0.280500 ms MarkObjects: 2.589700 ms  DeleteObjects: 0.219000 ms)

AssetImportParameters requested are different than current active one (requested -> active):
  custom:container-demuxer-ogg: 62fdf1f143b41e24485cea50d1cbac27 -> 
  custom:video-decoder-ogg-theora: a1e56fd34408186e4bbccfd4996cb3dc -> 
  custom:framework-win-MediaFoundation: 216162199b28c13a410421893ffa2e32 -> 
  custom:CustomObjectIndexerAttribute: 756ad292c208cfabdd7b50bc23989ffe -> 
  custom:container-demuxer-webm: 4f35f7cbe854078d1ac9338744f61a02 -> 
  custom:container-muxer-webm: aa71ff27fc2769a1b78a27578f13a17b -> 
  custom:video-decoder-webm-vp8: 9c59270c3fd7afecdb556c50c9e8de78 -> 
  custom:SearchIndexIgnoredProperties: e643bd26f0fe6173181afceb89e7c659 -> 
  custom:AudioImporter_EditorPlatform: d09bf68614088b80899f8185d706f6e7 -> 
  custom:video-encoder-webm-vp8: eb34c28f22e8b96e1ab97ce403110664 -> 
  custom:audio-decoder-ogg-vorbis: bf7c407c2cedff20999df2af8eb42d56 -> 
  custom:audio-encoder-webm-vorbis: bf7c407c2cedff20999df2af8eb42d56 -> 
========================================================================
Received Import Request.
  Time since last request: 172163.430147 seconds.
  path: Assets/VINH/GAME BASIC/hinh anh/Art/Animation/Hero/Hero01
  artifactKey: Guid(19a290b187a27984eb8e4e3cb8831fb8) Importer(815301076,1909f56bfc062723c751e8b465ee728b)
Start importing Assets/VINH/GAME BASIC/hinh anh/Art/Animation/Hero/Hero01 using Guid(19a290b187a27984eb8e4e3cb8831fb8) Importer(815301076,1909f56bfc062723c751e8b465ee728b)  -> (artifact id: 'e0a10df2150b40d6617d16a91953962f') in 0.002340 seconds
Number of updated asset objects reloaded before import = 0
Number of asset objects unloaded after import = 0
========================================================================
Received Prepare
Begin MonoManager ReloadAssembly
- Loaded All Assemblies, in  0.456 seconds
Refreshing native plugins compatible for Editor in 4.11 ms, found 4 plugins.
Native extension for WindowsStandalone target not found
[Package Manager] Server::EnsureServerProcessIsRunning -- launch failed, reason: Unity was launched with the -noUpm command-line argument
[Package Manager] UpmClient::Send -- Unable to send message (not connected to UPM process).
[Package Manager] Cannot connect to Unity Package Manager local server
Mono: successfully reloaded assembly
- Finished resetting the current domain, in  0.994 seconds
Domain Reload Profiling: 1447ms
	BeginReloadAssembly (158ms)
		ExecutionOrderSort (0ms)
		DisableScriptedObjects (12ms)
		BackupInstance (0ms)
		ReleaseScriptingObjects (0ms)
		CreateAndSetChildDomain (32ms)
	RebuildCommonClasses (39ms)
	RebuildNativeTypeToScriptingClass (11ms)
	initialDomainReloadingComplete (30ms)
	LoadAllAssembliesAndSetupDomain (215ms)
		LoadAssemblies (287ms)
		RebuildTransferFunctionScriptingTraits (0ms)
		AnalyzeDomain (13ms)
			TypeCache.Refresh (6ms)
				TypeCache.ScanAssembly (0ms)
			ScanForSourceGeneratedMonoScriptInfo (0ms)
			ResolveRequiredComponents (5ms)
	FinalizeReload (995ms)
		ReleaseScriptCaches (0ms)
		RebuildScriptCaches (0ms)
		SetupLoadedEditorAssemblies (465ms)
			LogAssemblyErrors (0ms)
			InitializePlatformSupportModulesInManaged (8ms)
			SetLoadedEditorAssemblies (5ms)
			RefreshPlugins (0ms)
			BeforeProcessingInitializeOnLoad (85ms)
			ProcessInitializeOnLoadAttributes (325ms)
			ProcessInitializeOnLoadMethodAttributes (33ms)
			AfterProcessingInitializeOnLoad (8ms)
			EditorAssembliesLoaded (0ms)
		ExecutionOrderSort2 (0ms)
		AwakeInstancesAfterBackupRestoration (14ms)
Refreshing native plugins compatible for Editor in 5.81 ms, found 4 plugins.
Preloading 0 native plugins for Editor in 0.00 ms.
Unloading 4009 Unused Serialized files (Serialized files now loaded: 0)
Unloading 42 unused Assets / (217.4 KB). Loaded Objects now: 4476.
Memory consumption went from 143.2 MB to 143.0 MB.
Total: 4.448300 ms (FindLiveObjects: 0.317300 ms CreateObjectMapping: 0.340400 ms MarkObjects: 3.563900 ms  DeleteObjects: 0.225800 ms)

Prepare: number of updated asset objects reloaded= 0
AssetImportParameters requested are different than current active one (requested -> active):
  custom:container-demuxer-ogg: 62fdf1f143b41e24485cea50d1cbac27 -> 
  custom:video-decoder-ogg-theora: a1e56fd34408186e4bbccfd4996cb3dc -> 
  custom:framework-win-MediaFoundation: 216162199b28c13a410421893ffa2e32 -> 
  custom:CustomObjectIndexerAttribute: 756ad292c208cfabdd7b50bc23989ffe -> 
  custom:container-demuxer-webm: 4f35f7cbe854078d1ac9338744f61a02 -> 
  custom:container-muxer-webm: aa71ff27fc2769a1b78a27578f13a17b -> 
  custom:video-decoder-webm-vp8: 9c59270c3fd7afecdb556c50c9e8de78 -> 
  custom:SearchIndexIgnoredProperties: e643bd26f0fe6173181afceb89e7c659 -> 
  custom:AudioImporter_EditorPlatform: d09bf68614088b80899f8185d706f6e7 -> 
  custom:video-encoder-webm-vp8: eb34c28f22e8b96e1ab97ce403110664 -> 
  custom:audio-decoder-ogg-vorbis: bf7c407c2cedff20999df2af8eb42d56 -> 
  custom:audio-encoder-webm-vorbis: bf7c407c2cedff20999df2af8eb42d56 -> 
========================================================================
Received Import Request.
  Time since last request: 376.989233 seconds.
  path: Assets/VINH/GAME BASIC/hinh anh/Art/Sprites/Hero/01/Attack/Attack_14.png
  artifactKey: Guid(ecb0b5c072486074096ef20717f0f2d0) Importer(815301076,1909f56bfc062723c751e8b465ee728b)
Start importing Assets/VINH/GAME BASIC/hinh anh/Art/Sprites/Hero/01/Attack/Attack_14.png using Guid(ecb0b5c072486074096ef20717f0f2d0) Importer(815301076,1909f56bfc062723c751e8b465ee728b)  -> (artifact id: 'dbb34a8cea82e781c306b857cec917bd') in 0.096007 seconds
Number of updated asset objects reloaded before import = 0
Number of asset objects unloaded after import = 3
========================================================================
Received Import Request.
  Time since last request: 0.505497 seconds.
  path: Assets/VINH/GAME BASIC/hinh anh/Art/Sprites/Hero/01/Attack/Attack_00.png
  artifactKey: Guid(999c082f0a59443488ca595d658036d5) Importer(815301076,1909f56bfc062723c751e8b465ee728b)
Start importing Assets/VINH/GAME BASIC/hinh anh/Art/Sprites/Hero/01/Attack/Attack_00.png using Guid(999c082f0a59443488ca595d658036d5) Importer(815301076,1909f56bfc062723c751e8b465ee728b)  -> (artifact id: '726a5c622b4d6c33641247f2877a2351') in 0.020241 seconds
Number of updated asset objects reloaded before import = 0
Number of asset objects unloaded after import = 3
========================================================================
Received Import Request.
  Time since last request: 65.836393 seconds.
  path: Assets/VINH/GAME BASIC/dữ liệu game/Hero
  artifactKey: Guid(4c27386b002402d4b8632b9d2e2c8958) Importer(815301076,1909f56bfc062723c751e8b465ee728b)
Start importing Assets/VINH/GAME BASIC/dữ liệu game/Hero using Guid(4c27386b002402d4b8632b9d2e2c8958) Importer(815301076,1909f56bfc062723c751e8b465ee728b)  -> (artifact id: '298cd8cbaab9a5b83d3e076cb367b7de') in 0.000514 seconds
Number of updated asset objects reloaded before import = 0
Number of asset objects unloaded after import = 0
========================================================================
Received Import Request.
  Time since last request: 6.060935 seconds.
  path: Assets/VINH/GAME BASIC/dữ liệu game/Hero/Hero01
  artifactKey: Guid(c7afb909b13fdf242b3efee036f73f5a) Importer(815301076,1909f56bfc062723c751e8b465ee728b)
Start importing Assets/VINH/GAME BASIC/dữ liệu game/Hero/Hero01 using Guid(c7afb909b13fdf242b3efee036f73f5a) Importer(815301076,1909f56bfc062723c751e8b465ee728b)  -> (artifact id: 'd0b197dc648f864244c9b1a011ee9491') in 0.000445 seconds
Number of updated asset objects reloaded before import = 0
Number of asset objects unloaded after import = 0
========================================================================
Received Import Request.
  Time since last request: 6.520677 seconds.
  path: Assets/VINH/GAME BASIC/dữ liệu game/Hero/Hero01/hero01.prefab
  artifactKey: Guid(46e3fd4a15999f1419dd1a5a3bb1d030) Importer(815301076,1909f56bfc062723c751e8b465ee728b)
Start importing Assets/VINH/GAME BASIC/dữ liệu game/Hero/Hero01/hero01.prefab using Guid(46e3fd4a15999f1419dd1a5a3bb1d030) Importer(815301076,1909f56bfc062723c751e8b465ee728b) The Animator Controller (hero01) you have used is not valid. Animations will not play
UnityEngine.StackTraceUtility:ExtractStackTrace ()
UnityEditor.EditorUtility:Internal_InstantiateRemoveAllNonAnimationComponentsSingle (UnityEngine.Object,UnityEngine.Vector3,UnityEngine.Quaternion)
UnityEditor.EditorUtility:InstantiateRemoveAllNonAnimationComponents (UnityEngine.Object,UnityEngine.Vector3,UnityEngine.Quaternion)
UnityEditor.EditorUtility:InstantiateForAnimatorPreview (UnityEngine.Object)
UnityEditor.GameObjectInspector/PreviewData:UpdateGameObject (UnityEngine.Object)
UnityEditor.GameObjectInspector/PreviewData:.ctor (UnityEngine.Object,bool)
UnityEditor.GameObjectInspector:GetPreviewData (bool)
UnityEditor.GameObjectInspector:RenderStaticPreview (string,UnityEngine.Object[],int,int)
UnityEditor.AssetPreviewUpdater:CreatePreview (UnityEngine.Object,UnityEngine.Object[],string,int,int)
UnityEditor.AssetPreviewUpdater:CreatePreviewForAsset (UnityEngine.Object,UnityEngine.Object[],string)

[C:\build\output\unity\unity\Modules\Animation\Director\AnimatorControllerPlayable.cpp line 333]

 -> (artifact id: 'a467ea11b863675857bc347e1b423b49') in 0.044920 seconds
Number of updated asset objects reloaded before import = 0
Number of asset objects unloaded after import = 9
========================================================================
Received Prepare
Begin MonoManager ReloadAssembly
- Loaded All Assemblies, in  0.448 seconds
Refreshing native plugins compatible for Editor in 4.68 ms, found 4 plugins.
Native extension for WindowsStandalone target not found
[Package Manager] Server::EnsureServerProcessIsRunning -- launch failed, reason: Unity was launched with the -noUpm command-line argument
[Package Manager] UpmClient::Send -- Unable to send message (not connected to UPM process).
[Package Manager] Cannot connect to Unity Package Manager local server
Mono: successfully reloaded assembly
- Finished resetting the current domain, in  0.980 seconds
Domain Reload Profiling: 1425ms
	BeginReloadAssembly (156ms)
		ExecutionOrderSort (0ms)
		DisableScriptedObjects (11ms)
		BackupInstance (0ms)
		ReleaseScriptingObjects (0ms)
		CreateAndSetChildDomain (37ms)
	RebuildCommonClasses (33ms)
	RebuildNativeTypeToScriptingClass (12ms)
	initialDomainReloadingComplete (32ms)
	LoadAllAssembliesAndSetupDomain (211ms)
		LoadAssemblies (274ms)
		RebuildTransferFunctionScriptingTraits (0ms)
		AnalyzeDomain (14ms)
			TypeCache.Refresh (8ms)
				TypeCache.ScanAssembly (0ms)
			ScanForSourceGeneratedMonoScriptInfo (0ms)
			ResolveRequiredComponents (5ms)
	FinalizeReload (981ms)
		ReleaseScriptCaches (0ms)
		RebuildScriptCaches (0ms)
		SetupLoadedEditorAssemblies (449ms)
			LogAssemblyErrors (0ms)
			InitializePlatformSupportModulesInManaged (6ms)
			SetLoadedEditorAssemblies (5ms)
			RefreshPlugins (0ms)
			BeforeProcessingInitializeOnLoad (83ms)
			ProcessInitializeOnLoadAttributes (311ms)
			ProcessInitializeOnLoadMethodAttributes (36ms)
			AfterProcessingInitializeOnLoad (7ms)
			EditorAssembliesLoaded (0ms)
		ExecutionOrderSort2 (0ms)
		AwakeInstancesAfterBackupRestoration (15ms)
Refreshing native plugins compatible for Editor in 5.12 ms, found 4 plugins.
Preloading 0 native plugins for Editor in 0.00 ms.
Unloading 4009 Unused Serialized files (Serialized files now loaded: 0)
Unloading 42 unused Assets / (217.5 KB). Loaded Objects now: 4490.
Memory consumption went from 149.8 MB to 149.5 MB.
Total: 3.313700 ms (FindLiveObjects: 0.354700 ms CreateObjectMapping: 0.289100 ms MarkObjects: 2.498300 ms  DeleteObjects: 0.170600 ms)

Prepare: number of updated asset objects reloaded= 0
AssetImportParameters requested are different than current active one (requested -> active):
  custom:container-demuxer-ogg: 62fdf1f143b41e24485cea50d1cbac27 -> 
  custom:video-decoder-ogg-theora: a1e56fd34408186e4bbccfd4996cb3dc -> 
  custom:framework-win-MediaFoundation: 216162199b28c13a410421893ffa2e32 -> 
  custom:CustomObjectIndexerAttribute: 756ad292c208cfabdd7b50bc23989ffe -> 
  custom:container-demuxer-webm: 4f35f7cbe854078d1ac9338744f61a02 -> 
  custom:container-muxer-webm: aa71ff27fc2769a1b78a27578f13a17b -> 
  custom:video-decoder-webm-vp8: 9c59270c3fd7afecdb556c50c9e8de78 -> 
  custom:SearchIndexIgnoredProperties: e643bd26f0fe6173181afceb89e7c659 -> 
  custom:AudioImporter_EditorPlatform: d09bf68614088b80899f8185d706f6e7 -> 
  custom:video-encoder-webm-vp8: eb34c28f22e8b96e1ab97ce403110664 -> 
  custom:audio-decoder-ogg-vorbis: bf7c407c2cedff20999df2af8eb42d56 -> 
  custom:audio-encoder-webm-vorbis: bf7c407c2cedff20999df2af8eb42d56 -> 
========================================================================
Received Prepare
Begin MonoManager ReloadAssembly
- Loaded All Assemblies, in  0.469 seconds
Refreshing native plugins compatible for Editor in 3.92 ms, found 4 plugins.
Native extension for WindowsStandalone target not found
[Package Manager] Server::EnsureServerProcessIsRunning -- launch failed, reason: Unity was launched with the -noUpm command-line argument
[Package Manager] UpmClient::Send -- Unable to send message (not connected to UPM process).
[Package Manager] Cannot connect to Unity Package Manager local server
Mono: successfully reloaded assembly
- Finished resetting the current domain, in  0.964 seconds
Domain Reload Profiling: 1430ms
	BeginReloadAssembly (167ms)
		ExecutionOrderSort (0ms)
		DisableScriptedObjects (12ms)
		BackupInstance (0ms)
		ReleaseScriptingObjects (0ms)
		CreateAndSetChildDomain (34ms)
	RebuildCommonClasses (34ms)
	RebuildNativeTypeToScriptingClass (17ms)
	initialDomainReloadingComplete (35ms)
	LoadAllAssembliesAndSetupDomain (213ms)
		LoadAssemblies (292ms)
		RebuildTransferFunctionScriptingTraits (0ms)
		AnalyzeDomain (12ms)
			TypeCache.Refresh (6ms)
				TypeCache.ScanAssembly (0ms)
			ScanForSourceGeneratedMonoScriptInfo (0ms)
			ResolveRequiredComponents (5ms)
	FinalizeReload (964ms)
		ReleaseScriptCaches (0ms)
		RebuildScriptCaches (0ms)
		SetupLoadedEditorAssemblies (442ms)
			LogAssemblyErrors (0ms)
			InitializePlatformSupportModulesInManaged (7ms)
			SetLoadedEditorAssemblies (5ms)
			RefreshPlugins (0ms)
			BeforeProcessingInitializeOnLoad (82ms)
			ProcessInitializeOnLoadAttributes (308ms)
			ProcessInitializeOnLoadMethodAttributes (32ms)
			AfterProcessingInitializeOnLoad (7ms)
			EditorAssembliesLoaded (0ms)
		ExecutionOrderSort2 (0ms)
		AwakeInstancesAfterBackupRestoration (13ms)
Refreshing native plugins compatible for Editor in 4.36 ms, found 4 plugins.
Preloading 0 native plugins for Editor in 0.00 ms.
Unloading 4010 Unused Serialized files (Serialized files now loaded: 0)
Unloading 42 unused Assets / (217.2 KB). Loaded Objects now: 4494.
Memory consumption went from 152.0 MB to 151.7 MB.
Total: 3.364800 ms (FindLiveObjects: 0.304400 ms CreateObjectMapping: 0.284600 ms MarkObjects: 2.578500 ms  DeleteObjects: 0.196600 ms)

Prepare: number of updated asset objects reloaded= 0
AssetImportParameters requested are different than current active one (requested -> active):
  custom:container-demuxer-ogg: 62fdf1f143b41e24485cea50d1cbac27 -> 
  custom:video-decoder-ogg-theora: a1e56fd34408186e4bbccfd4996cb3dc -> 
  custom:framework-win-MediaFoundation: 216162199b28c13a410421893ffa2e32 -> 
  custom:CustomObjectIndexerAttribute: 756ad292c208cfabdd7b50bc23989ffe -> 
  custom:container-demuxer-webm: 4f35f7cbe854078d1ac9338744f61a02 -> 
  custom:container-muxer-webm: aa71ff27fc2769a1b78a27578f13a17b -> 
  custom:video-decoder-webm-vp8: 9c59270c3fd7afecdb556c50c9e8de78 -> 
  custom:SearchIndexIgnoredProperties: e643bd26f0fe6173181afceb89e7c659 -> 
  custom:AudioImporter_EditorPlatform: d09bf68614088b80899f8185d706f6e7 -> 
  custom:video-encoder-webm-vp8: eb34c28f22e8b96e1ab97ce403110664 -> 
  custom:audio-decoder-ogg-vorbis: bf7c407c2cedff20999df2af8eb42d56 -> 
  custom:audio-encoder-webm-vorbis: bf7c407c2cedff20999df2af8eb42d56 -> 
========================================================================
Received Import Request.
  Time since last request: 58.281781 seconds.
  path: Assets/VINH/GAME BASIC/hinh anh/Art/Sprites/Hero/02/Idle
  artifactKey: Guid(946765b2b465f9444abe99e628193172) Importer(815301076,1909f56bfc062723c751e8b465ee728b)
Start importing Assets/VINH/GAME BASIC/hinh anh/Art/Sprites/Hero/02/Idle using Guid(946765b2b465f9444abe99e628193172) Importer(815301076,1909f56bfc062723c751e8b465ee728b)  -> (artifact id: '0664c158b7654e02966a72189cfe803f') in 0.011409 seconds
Number of updated asset objects reloaded before import = 0
Number of asset objects unloaded after import = 0
========================================================================
Received Import Request.
  Time since last request: 74.462114 seconds.
  path: Assets/VINH/GAME BASIC/hinh anh/Art/Sprites/Hero/02/Idle/Idle_06.png
  artifactKey: Guid(e6097d5d7e0439e4fbbba84fa379b68e) Importer(815301076,1909f56bfc062723c751e8b465ee728b)
Start importing Assets/VINH/GAME BASIC/hinh anh/Art/Sprites/Hero/02/Idle/Idle_06.png using Guid(e6097d5d7e0439e4fbbba84fa379b68e) Importer(815301076,1909f56bfc062723c751e8b465ee728b)  -> (artifact id: '9bb5699372e1b28ad66bf201ab515694') in 0.063430 seconds
Number of updated asset objects reloaded before import = 0
Number of asset objects unloaded after import = 3
========================================================================
Received Import Request.
  Time since last request: 0.704214 seconds.
  path: Assets/VINH/GAME BASIC/hinh anh/Art/Sprites/Hero/02/Idle/Idle_00.png
  artifactKey: Guid(50c6d5229b2d9574f978d43cd6745850) Importer(815301076,1909f56bfc062723c751e8b465ee728b)
Start importing Assets/VINH/GAME BASIC/hinh anh/Art/Sprites/Hero/02/Idle/Idle_00.png using Guid(50c6d5229b2d9574f978d43cd6745850) Importer(815301076,1909f56bfc062723c751e8b465ee728b)  -> (artifact id: '0fb4ec1e039a9a0371bfcb76b0dfc7e7') in 0.019818 seconds
Number of updated asset objects reloaded before import = 0
Number of asset objects unloaded after import = 3
========================================================================
Received Import Request.
  Time since last request: 78.051496 seconds.
  path: Assets/VINH/GAME BASIC/hinh anh/Art/Sprites/Hero/01/Idle/atack.anim
  artifactKey: Guid(4310ac085e1a2c644816a6ed29401315) Importer(815301076,1909f56bfc062723c751e8b465ee728b)
Start importing Assets/VINH/GAME BASIC/hinh anh/Art/Sprites/Hero/01/Idle/atack.anim using Guid(4310ac085e1a2c644816a6ed29401315) Importer(815301076,1909f56bfc062723c751e8b465ee728b)  -> (artifact id: '485f4280e6634c84a661b12e7d5c67fa') in 0.001396 seconds
Number of updated asset objects reloaded before import = 0
Number of asset objects unloaded after import = 1
========================================================================
Received Import Request.
  Time since last request: 2.634700 seconds.
  path: Assets/VINH/GAME BASIC/hinh anh/Art/Sprites/Hero/01/Idle/death.anim
  artifactKey: Guid(bfbecc1d843ba0c4baa99f898f0b58e9) Importer(815301076,1909f56bfc062723c751e8b465ee728b)
Start importing Assets/VINH/GAME BASIC/hinh anh/Art/Sprites/Hero/01/Idle/death.anim using Guid(bfbecc1d843ba0c4baa99f898f0b58e9) Importer(815301076,1909f56bfc062723c751e8b465ee728b)  -> (artifact id: '0624397d62cb892e599b21e434d17323') in 0.000867 seconds
Number of updated asset objects reloaded before import = 0
Number of asset objects unloaded after import = 1
========================================================================
Received Import Request.
  Time since last request: 10.092302 seconds.
  path: Assets/VINH/GAME BASIC/dữ liệu game/Hero/death.anim
  artifactKey: Guid(bfbecc1d843ba0c4baa99f898f0b58e9) Importer(815301076,1909f56bfc062723c751e8b465ee728b)
Start importing Assets/VINH/GAME BASIC/dữ liệu game/Hero/death.anim using Guid(bfbecc1d843ba0c4baa99f898f0b58e9) Importer(815301076,1909f56bfc062723c751e8b465ee728b)  -> (artifact id: '9515ddfbba4532ac50c31114ee510e84') in 0.001043 seconds
Number of updated asset objects reloaded before import = 0
Number of asset objects unloaded after import = 1
========================================================================
Received Import Request.
  Time since last request: 37.563585 seconds.
  path: Assets/VINH/GAME BASIC/hinh anh/Art/Sprites/Hero/01/Idle/atack.anim
  artifactKey: Guid(4310ac085e1a2c644816a6ed29401315) Importer(815301076,1909f56bfc062723c751e8b465ee728b)
Start importing Assets/VINH/GAME BASIC/hinh anh/Art/Sprites/Hero/01/Idle/atack.anim using Guid(4310ac085e1a2c644816a6ed29401315) Importer(815301076,1909f56bfc062723c751e8b465ee728b)  -> (artifact id: '505945abd8215dc6268e2cb944858980') in 0.001056 seconds
Number of updated asset objects reloaded before import = 0
Number of asset objects unloaded after import = 1
========================================================================
Received Import Request.
  Time since last request: 89.706160 seconds.
  path: Assets/VINH/GAME BASIC/hinh anh/Art/Animation/Hero/Hero01/hero01.controller
  artifactKey: Guid(93049fe93dd4ebc4fba5b9e94a985cb1) Importer(815301076,1909f56bfc062723c751e8b465ee728b)
Start importing Assets/VINH/GAME BASIC/hinh anh/Art/Animation/Hero/Hero01/hero01.controller using Guid(93049fe93dd4ebc4fba5b9e94a985cb1) Importer(815301076,1909f56bfc062723c751e8b465ee728b)  -> (artifact id: 'ff01c75a4c5fda51369d7b7207e48984') in 0.001582 seconds
Number of updated asset objects reloaded before import = 0
Number of asset objects unloaded after import = 1
========================================================================
Received Import Request.
  Time since last request: 97.378557 seconds.
  path: Assets/VINH/GAME BASIC/dữ liệu game/Hero/Hero01/hero01.prefab
  artifactKey: Guid(46e3fd4a15999f1419dd1a5a3bb1d030) Importer(815301076,1909f56bfc062723c751e8b465ee728b)
Start importing Assets/VINH/GAME BASIC/dữ liệu game/Hero/Hero01/hero01.prefab using Guid(46e3fd4a15999f1419dd1a5a3bb1d030) Importer(815301076,1909f56bfc062723c751e8b465ee728b)  -> (artifact id: 'c81d9c3a85b1e31f877678a487a42521') in 0.024940 seconds
Number of updated asset objects reloaded before import = 0
Number of asset objects unloaded after import = 8
========================================================================
Received Prepare
Begin MonoManager ReloadAssembly
- Loaded All Assemblies, in  0.474 seconds
Refreshing native plugins compatible for Editor in 5.97 ms, found 4 plugins.
Native extension for WindowsStandalone target not found
[Package Manager] Server::EnsureServerProcessIsRunning -- launch failed, reason: Unity was launched with the -noUpm command-line argument
[Package Manager] UpmClient::Send -- Unable to send message (not connected to UPM process).
[Package Manager] Cannot connect to Unity Package Manager local server
Mono: successfully reloaded assembly
- Finished resetting the current domain, in  0.973 seconds
Domain Reload Profiling: 1444ms
	BeginReloadAssembly (164ms)
		ExecutionOrderSort (0ms)
		DisableScriptedObjects (11ms)
		BackupInstance (0ms)
		ReleaseScriptingObjects (0ms)
		CreateAndSetChildDomain (44ms)
	RebuildCommonClasses (39ms)
	RebuildNativeTypeToScriptingClass (11ms)
	initialDomainReloadingComplete (30ms)
	LoadAllAssembliesAndSetupDomain (227ms)
		LoadAssemblies (290ms)
		RebuildTransferFunctionScriptingTraits (0ms)
		AnalyzeDomain (15ms)
			TypeCache.Refresh (6ms)
				TypeCache.ScanAssembly (0ms)
			ScanForSourceGeneratedMonoScriptInfo (0ms)
			ResolveRequiredComponents (7ms)
	FinalizeReload (974ms)
		ReleaseScriptCaches (0ms)
		RebuildScriptCaches (0ms)
		SetupLoadedEditorAssemblies (453ms)
			LogAssemblyErrors (0ms)
			InitializePlatformSupportModulesInManaged (6ms)
			SetLoadedEditorAssemblies (5ms)
			RefreshPlugins (0ms)
			BeforeProcessingInitializeOnLoad (82ms)
			ProcessInitializeOnLoadAttributes (317ms)
			ProcessInitializeOnLoadMethodAttributes (35ms)
			AfterProcessingInitializeOnLoad (7ms)
			EditorAssembliesLoaded (0ms)
		ExecutionOrderSort2 (0ms)
		AwakeInstancesAfterBackupRestoration (15ms)
Refreshing native plugins compatible for Editor in 5.07 ms, found 4 plugins.
Preloading 0 native plugins for Editor in 0.00 ms.
Unloading 4009 Unused Serialized files (Serialized files now loaded: 0)
Unloading 42 unused Assets / (217.2 KB). Loaded Objects now: 4498.
Memory consumption went from 153.6 MB to 153.4 MB.
Total: 3.833700 ms (FindLiveObjects: 0.374400 ms CreateObjectMapping: 0.437100 ms MarkObjects: 2.832700 ms  DeleteObjects: 0.188600 ms)

Prepare: number of updated asset objects reloaded= 0
AssetImportParameters requested are different than current active one (requested -> active):
  custom:container-demuxer-ogg: 62fdf1f143b41e24485cea50d1cbac27 -> 
  custom:video-decoder-ogg-theora: a1e56fd34408186e4bbccfd4996cb3dc -> 
  custom:framework-win-MediaFoundation: 216162199b28c13a410421893ffa2e32 -> 
  custom:CustomObjectIndexerAttribute: 756ad292c208cfabdd7b50bc23989ffe -> 
  custom:container-demuxer-webm: 4f35f7cbe854078d1ac9338744f61a02 -> 
  custom:container-muxer-webm: aa71ff27fc2769a1b78a27578f13a17b -> 
  custom:video-decoder-webm-vp8: 9c59270c3fd7afecdb556c50c9e8de78 -> 
  custom:SearchIndexIgnoredProperties: e643bd26f0fe6173181afceb89e7c659 -> 
  custom:AudioImporter_EditorPlatform: d09bf68614088b80899f8185d706f6e7 -> 
  custom:video-encoder-webm-vp8: eb34c28f22e8b96e1ab97ce403110664 -> 
  custom:audio-decoder-ogg-vorbis: bf7c407c2cedff20999df2af8eb42d56 -> 
  custom:audio-encoder-webm-vorbis: bf7c407c2cedff20999df2af8eb42d56 -> 
========================================================================
Received Import Request.
  Time since last request: 80.112855 seconds.
  path: Assets/VINH/GAME BASIC/hinh anh/Art/Animation/Hero/Hero02.controller
  artifactKey: Guid(756e7dacfa9a4f4449081d37e5d88188) Importer(815301076,1909f56bfc062723c751e8b465ee728b)
Start importing Assets/VINH/GAME BASIC/hinh anh/Art/Animation/Hero/Hero02.controller using Guid(756e7dacfa9a4f4449081d37e5d88188) Importer(815301076,1909f56bfc062723c751e8b465ee728b)  -> (artifact id: '3966ef80bcb4dc22bec2b0dddcf3a1b4') in 0.009631 seconds
Number of updated asset objects reloaded before import = 0
Number of asset objects unloaded after import = 1
========================================================================
Received Import Request.
  Time since last request: 150.805711 seconds.
  path: Assets/VINH/GAME BASIC/hinh anh/Art/Sprites/Hero/01/Attack/Attack_15.png
  artifactKey: Guid(933eb03334bb2dc4c8a9ca05df99ae7a) Importer(815301076,1909f56bfc062723c751e8b465ee728b)
Start importing Assets/VINH/GAME BASIC/hinh anh/Art/Sprites/Hero/01/Attack/Attack_15.png using Guid(933eb03334bb2dc4c8a9ca05df99ae7a) Importer(815301076,1909f56bfc062723c751e8b465ee728b)  -> (artifact id: '5c80d7234fd0b4177eec6f0988f72d39') in 0.062181 seconds
Number of updated asset objects reloaded before import = 0
Number of asset objects unloaded after import = 3
========================================================================
Received Import Request.
  Time since last request: 33.592433 seconds.
  path: Assets/VINH/GAME BASIC/dữ liệu game/Hero/Hero01.prefab
  artifactKey: Guid(cb02e55eddd6bc445960c93c1159c312) Importer(815301076,1909f56bfc062723c751e8b465ee728b)
Start importing Assets/VINH/GAME BASIC/dữ liệu game/Hero/Hero01.prefab using Guid(cb02e55eddd6bc445960c93c1159c312) Importer(815301076,1909f56bfc062723c751e8b465ee728b)  -> (artifact id: '814b57011b5f10dc57369dd96a50bc05') in 0.088261 seconds
Number of updated asset objects reloaded before import = 0
Number of asset objects unloaded after import = 122
========================================================================
Received Import Request.
  Time since last request: 58.232337 seconds.
  path: Assets/VINH/GAME BASIC/hinh anh/Art/Sprites/Hero/02/Idle/Idle_12.png
  artifactKey: Guid(9febd35ad0984874ea19a6f20a72779e) Importer(815301076,1909f56bfc062723c751e8b465ee728b)
Start importing Assets/VINH/GAME BASIC/hinh anh/Art/Sprites/Hero/02/Idle/Idle_12.png using Guid(9febd35ad0984874ea19a6f20a72779e) Importer(815301076,1909f56bfc062723c751e8b465ee728b)  -> (artifact id: 'f9d3038dd97305e2f3afe62c6a5c5cd2') in 0.023706 seconds
Number of updated asset objects reloaded before import = 0
Number of asset objects unloaded after import = 3
========================================================================
Received Import Request.
  Time since last request: 39.992261 seconds.
  path: Assets/VINH/GAME BASIC/hinh anh/Art/Sprites/Hero/02/Attack/Attack_00.png
  artifactKey: Guid(95d7e873df298db47aa7f6df8767791f) Importer(815301076,1909f56bfc062723c751e8b465ee728b)
Start importing Assets/VINH/GAME BASIC/hinh anh/Art/Sprites/Hero/02/Attack/Attack_00.png using Guid(95d7e873df298db47aa7f6df8767791f) Importer(815301076,1909f56bfc062723c751e8b465ee728b)  -> (artifact id: '2b01ed1e8a6eb521ac9c9090a768f193') in 0.018961 seconds
Number of updated asset objects reloaded before import = 0
Number of asset objects unloaded after import = 3
========================================================================
Received Import Request.
  Time since last request: 14.208297 seconds.
  path: Assets/VINH/GAME BASIC/hinh anh/Art/Sprites/Hero/02/Death/Death_18.png
  artifactKey: Guid(93e6ccb4c919a7449a640f67218667bc) Importer(815301076,1909f56bfc062723c751e8b465ee728b)
Start importing Assets/VINH/GAME BASIC/hinh anh/Art/Sprites/Hero/02/Death/Death_18.png using Guid(93e6ccb4c919a7449a640f67218667bc) Importer(815301076,1909f56bfc062723c751e8b465ee728b)  -> (artifact id: 'd4c836953b8a042c6895f33558e69e96') in 0.017839 seconds
Number of updated asset objects reloaded before import = 0
Number of asset objects unloaded after import = 3
========================================================================
Received Import Request.
  Time since last request: 0.596278 seconds.
  path: Assets/VINH/GAME BASIC/hinh anh/Art/Sprites/Hero/02/Death/Death_00.png
  artifactKey: Guid(0e26be62daf27a24eab86a4f3fa1f090) Importer(815301076,1909f56bfc062723c751e8b465ee728b)
Start importing Assets/VINH/GAME BASIC/hinh anh/Art/Sprites/Hero/02/Death/Death_00.png using Guid(0e26be62daf27a24eab86a4f3fa1f090) Importer(815301076,1909f56bfc062723c751e8b465ee728b)  -> (artifact id: '9c2c0c45e5d40b16dbc0cb8eb7b38034') in 0.017463 seconds
Number of updated asset objects reloaded before import = 0
Number of asset objects unloaded after import = 3
========================================================================
Received Import Request.
  Time since last request: 33.399685 seconds.
  path: Assets/VINH/GAME BASIC/dữ liệu game/Hero/Hero02.prefab
  artifactKey: Guid(51ac886bbb4de1e4fbcc3adb59a0e9fc) Importer(815301076,1909f56bfc062723c751e8b465ee728b)
Start importing Assets/VINH/GAME BASIC/dữ liệu game/Hero/Hero02.prefab using Guid(51ac886bbb4de1e4fbcc3adb59a0e9fc) Importer(815301076,1909f56bfc062723c751e8b465ee728b) The Animator Controller (Hero02) you have used is not valid. Animations will not play
UnityEngine.StackTraceUtility:ExtractStackTrace ()
UnityEditor.EditorUtility:Internal_InstantiateRemoveAllNonAnimationComponentsSingle (UnityEngine.Object,UnityEngine.Vector3,UnityEngine.Quaternion)
UnityEditor.EditorUtility:InstantiateRemoveAllNonAnimationComponents (UnityEngine.Object,UnityEngine.Vector3,UnityEngine.Quaternion)
UnityEditor.EditorUtility:InstantiateForAnimatorPreview (UnityEngine.Object)
UnityEditor.GameObjectInspector/PreviewData:UpdateGameObject (UnityEngine.Object)
UnityEditor.GameObjectInspector/PreviewData:.ctor (UnityEngine.Object,bool)
UnityEditor.GameObjectInspector:GetPreviewData (bool)
UnityEditor.GameObjectInspector:RenderStaticPreview (string,UnityEngine.Object[],int,int)
UnityEditor.AssetPreviewUpdater:CreatePreview (UnityEngine.Object,UnityEngine.Object[],string,int,int)
UnityEditor.AssetPreviewUpdater:CreatePreviewForAsset (UnityEngine.Object,UnityEngine.Object[],string)

[C:\build\output\unity\unity\Modules\Animation\Director\AnimatorControllerPlayable.cpp line 333]

 -> (artifact id: '0e1ed3da89885401f3e017100974570b') in 0.025236 seconds
Number of updated asset objects reloaded before import = 0
Number of asset objects unloaded after import = 9
========================================================================
Received Import Request.
  Time since last request: 24.118859 seconds.
  path: Assets/VINH/GAME BASIC/hinh anh/Art/Sprites/Hero/03/Idle/Idle_08.png
  artifactKey: Guid(c95f2f4be8a4b6544acbbcebb1c6bf48) Importer(815301076,1909f56bfc062723c751e8b465ee728b)
Start importing Assets/VINH/GAME BASIC/hinh anh/Art/Sprites/Hero/03/Idle/Idle_08.png using Guid(c95f2f4be8a4b6544acbbcebb1c6bf48) Importer(815301076,1909f56bfc062723c751e8b465ee728b)  -> (artifact id: '9ffa0e2b1736bd67091a2fbf2dbb1369') in 0.021577 seconds
Number of updated asset objects reloaded before import = 0
Number of asset objects unloaded after import = 3
========================================================================
Received Import Request.
  Time since last request: 0.400395 seconds.
  path: Assets/VINH/GAME BASIC/hinh anh/Art/Sprites/Hero/03/Idle/Idle_00.png
  artifactKey: Guid(ac29fddcb862f9644bcc044d02f6d1ce) Importer(815301076,1909f56bfc062723c751e8b465ee728b)
Start importing Assets/VINH/GAME BASIC/hinh anh/Art/Sprites/Hero/03/Idle/Idle_00.png using Guid(ac29fddcb862f9644bcc044d02f6d1ce) Importer(815301076,1909f56bfc062723c751e8b465ee728b)  -> (artifact id: '52b7c0cc34ab51a8929ef97050bb90d1') in 0.019336 seconds
Number of updated asset objects reloaded before import = 0
Number of asset objects unloaded after import = 3
========================================================================
Received Import Request.
  Time since last request: 24.005001 seconds.
  path: Assets/VINH/GAME BASIC/hinh anh/Art/Sprites/Hero/03/Attack/Attack_16.png
  artifactKey: Guid(c20b48eac8ee4d04ba77bc51cd4260e5) Importer(815301076,1909f56bfc062723c751e8b465ee728b)
Start importing Assets/VINH/GAME BASIC/hinh anh/Art/Sprites/Hero/03/Attack/Attack_16.png using Guid(c20b48eac8ee4d04ba77bc51cd4260e5) Importer(815301076,1909f56bfc062723c751e8b465ee728b)  -> (artifact id: 'e2315bae9bc199597c1fcaa38520105e') in 0.022037 seconds
Number of updated asset objects reloaded before import = 0
Number of asset objects unloaded after import = 3
========================================================================
Received Import Request.
  Time since last request: 0.551283 seconds.
  path: Assets/VINH/GAME BASIC/hinh anh/Art/Sprites/Hero/03/Attack/Attack_00.png
  artifactKey: Guid(f7469fe80098df84082ca3216226f528) Importer(815301076,1909f56bfc062723c751e8b465ee728b)
Start importing Assets/VINH/GAME BASIC/hinh anh/Art/Sprites/Hero/03/Attack/Attack_00.png using Guid(f7469fe80098df84082ca3216226f528) Importer(815301076,1909f56bfc062723c751e8b465ee728b)  -> (artifact id: '24a218ed8b49c4c3ee48e8ae4dfda91d') in 0.018642 seconds
Number of updated asset objects reloaded before import = 0
Number of asset objects unloaded after import = 3
========================================================================
Received Import Request.
  Time since last request: 15.554277 seconds.
  path: Assets/VINH/GAME BASIC/hinh anh/Art/Sprites/Hero/03/Death/Death_17.png
  artifactKey: Guid(ec372a8bffebcec4a9677e0d6ce062ef) Importer(815301076,1909f56bfc062723c751e8b465ee728b)
Start importing Assets/VINH/GAME BASIC/hinh anh/Art/Sprites/Hero/03/Death/Death_17.png using Guid(ec372a8bffebcec4a9677e0d6ce062ef) Importer(815301076,1909f56bfc062723c751e8b465ee728b)  -> (artifact id: 'b04ae9355e1857c096a35c00cd93ac8b') in 0.019445 seconds
Number of updated asset objects reloaded before import = 0
Number of asset objects unloaded after import = 3
========================================================================
Received Import Request.
  Time since last request: 0.797743 seconds.
  path: Assets/VINH/GAME BASIC/hinh anh/Art/Sprites/Hero/03/Death/Death_00.png
  artifactKey: Guid(8c5c885f60da195429384ed5d8a75265) Importer(815301076,1909f56bfc062723c751e8b465ee728b)
Start importing Assets/VINH/GAME BASIC/hinh anh/Art/Sprites/Hero/03/Death/Death_00.png using Guid(8c5c885f60da195429384ed5d8a75265) Importer(815301076,1909f56bfc062723c751e8b465ee728b)  -> (artifact id: 'bb7f262fb6a6e11079d504425379d0db') in 0.018912 seconds
Number of updated asset objects reloaded before import = 0
Number of asset objects unloaded after import = 3
========================================================================
Received Import Request.
  Time since last request: 0.137580 seconds.
  path: Assets/VINH/GAME BASIC/hinh anh/Art/Sprites/Hero/03/Death/Death_16.png
  artifactKey: Guid(8b2ac0042955ed94a9cf832eb4749638) Importer(815301076,1909f56bfc062723c751e8b465ee728b)
Start importing Assets/VINH/GAME BASIC/hinh anh/Art/Sprites/Hero/03/Death/Death_16.png using Guid(8b2ac0042955ed94a9cf832eb4749638) Importer(815301076,1909f56bfc062723c751e8b465ee728b)  -> (artifact id: '4acebefc5da9ec36ad32e566b383806c') in 0.018955 seconds
Number of updated asset objects reloaded before import = 0
Number of asset objects unloaded after import = 3
========================================================================
Received Import Request.
  Time since last request: 15.918015 seconds.
  path: Assets/VINH/GAME BASIC/dữ liệu game/Hero/Hero03.prefab
  artifactKey: Guid(4067b17d21550fe4384579fc56141a10) Importer(815301076,1909f56bfc062723c751e8b465ee728b)
Start importing Assets/VINH/GAME BASIC/dữ liệu game/Hero/Hero03.prefab using Guid(4067b17d21550fe4384579fc56141a10) Importer(815301076,1909f56bfc062723c751e8b465ee728b)  -> (artifact id: 'bbe777574fc1b908e6ef4b8dc7502b3c') in 0.060263 seconds
Number of updated asset objects reloaded before import = 0
Number of asset objects unloaded after import = 214
========================================================================
Received Import Request.
  Time since last request: 71.387679 seconds.
  path: Assets/VINH/GAME BASIC/hinh anh/Art/Sprites/GUI/HeroHud/Hero_01.png
  artifactKey: Guid(44577bcc7c328b94c9cef4f068e85876) Importer(815301076,1909f56bfc062723c751e8b465ee728b)
Start importing Assets/VINH/GAME BASIC/hinh anh/Art/Sprites/GUI/HeroHud/Hero_01.png using Guid(44577bcc7c328b94c9cef4f068e85876) Importer(815301076,1909f56bfc062723c751e8b465ee728b)  -> (artifact id: 'b28e3543f3f25cd6a3ae39ce5352d206') in 0.023595 seconds
Number of updated asset objects reloaded before import = 0
Number of asset objects unloaded after import = 3
========================================================================
Received Import Request.
  Time since last request: 12.795104 seconds.
  path: Assets/VINH/GAME BASIC/hinh anh/Art/Sprites/Enemy/01/Walk
  artifactKey: Guid(e4481a4131ab3d34c9f3fd523cdf62ca) Importer(815301076,1909f56bfc062723c751e8b465ee728b)
Start importing Assets/VINH/GAME BASIC/hinh anh/Art/Sprites/Enemy/01/Walk using Guid(e4481a4131ab3d34c9f3fd523cdf62ca) Importer(815301076,1909f56bfc062723c751e8b465ee728b)  -> (artifact id: 'a4bc16e27083243fb6e44894f238ff35') in 0.009570 seconds
Number of updated asset objects reloaded before import = 0
Number of asset objects unloaded after import = 0
========================================================================
Received Import Request.
  Time since last request: 50.459945 seconds.
  path: Assets/VINH/GAME BASIC/hinh anh/Art/Animation/Enemy/Enemy01
  artifactKey: Guid(5222d421e8bf5c347853be93b9811cab) Importer(815301076,1909f56bfc062723c751e8b465ee728b)
Start importing Assets/VINH/GAME BASIC/hinh anh/Art/Animation/Enemy/Enemy01 using Guid(5222d421e8bf5c347853be93b9811cab) Importer(815301076,1909f56bfc062723c751e8b465ee728b)  -> (artifact id: '0b51167417691d8decbb0965f1e1a937') in 0.000495 seconds
Number of updated asset objects reloaded before import = 0
Number of asset objects unloaded after import = 0
========================================================================
Received Import Request.
  Time since last request: 5.861363 seconds.
  path: Assets/VINH/GAME BASIC/hinh anh/Art/Sprites/Enemy/01/Walk/Walk_07.png
  artifactKey: Guid(ba5db64ce70f71a42a7a549d718cbbe1) Importer(815301076,1909f56bfc062723c751e8b465ee728b)
Start importing Assets/VINH/GAME BASIC/hinh anh/Art/Sprites/Enemy/01/Walk/Walk_07.png using Guid(ba5db64ce70f71a42a7a549d718cbbe1) Importer(815301076,1909f56bfc062723c751e8b465ee728b)  -> (artifact id: 'b4f1ea6a974a30ab47de53f9f5aa22d2') in 0.023531 seconds
Number of updated asset objects reloaded before import = 0
Number of asset objects unloaded after import = 3
========================================================================
Received Import Request.
  Time since last request: 0.850529 seconds.
  path: Assets/VINH/GAME BASIC/hinh anh/Art/Sprites/Enemy/01/Walk/Walk_00.png
  artifactKey: Guid(d22314b3fa7028b48936a6b6d2b2e114) Importer(815301076,1909f56bfc062723c751e8b465ee728b)
Start importing Assets/VINH/GAME BASIC/hinh anh/Art/Sprites/Enemy/01/Walk/Walk_00.png using Guid(d22314b3fa7028b48936a6b6d2b2e114) Importer(815301076,1909f56bfc062723c751e8b465ee728b)  -> (artifact id: '775d1dec81851d0797b3e2625e6f1f64') in 0.018744 seconds
Number of updated asset objects reloaded before import = 0
Number of asset objects unloaded after import = 3
========================================================================
Received Import Request.
  Time since last request: 29.666468 seconds.
  path: Assets/VINH/GAME BASIC/hinh anh/Art/Sprites/Enemy/01/Attack/Attack_15.png
  artifactKey: Guid(dbfca523b45142741a88c5deff36bfe1) Importer(815301076,1909f56bfc062723c751e8b465ee728b)
Start importing Assets/VINH/GAME BASIC/hinh anh/Art/Sprites/Enemy/01/Attack/Attack_15.png using Guid(dbfca523b45142741a88c5deff36bfe1) Importer(815301076,1909f56bfc062723c751e8b465ee728b)  -> (artifact id: 'a02cd33315238ea3d6923102003a7ea8') in 0.019004 seconds
Number of updated asset objects reloaded before import = 0
Number of asset objects unloaded after import = 3
========================================================================
Received Import Request.
  Time since last request: 0.419001 seconds.
  path: Assets/VINH/GAME BASIC/hinh anh/Art/Sprites/Enemy/01/Attack/Attack_00.png
  artifactKey: Guid(6edfd08c028c4354c88eff9de1f5e510) Importer(815301076,1909f56bfc062723c751e8b465ee728b)
Start importing Assets/VINH/GAME BASIC/hinh anh/Art/Sprites/Enemy/01/Attack/Attack_00.png using Guid(6edfd08c028c4354c88eff9de1f5e510) Importer(815301076,1909f56bfc062723c751e8b465ee728b)  -> (artifact id: 'd9cf36b42bc2c54cfaa68d22a5ac94af') in 0.019721 seconds
Number of updated asset objects reloaded before import = 0
Number of asset objects unloaded after import = 3
========================================================================
Received Import Request.
  Time since last request: 11.860785 seconds.
  path: Assets/VINH/GAME BASIC/hinh anh/Art/Sprites/Enemy/01/Death/Death_18.png
  artifactKey: Guid(0257af54c9afb3b4aac9a7b63b982e71) Importer(815301076,1909f56bfc062723c751e8b465ee728b)
Start importing Assets/VINH/GAME BASIC/hinh anh/Art/Sprites/Enemy/01/Death/Death_18.png using Guid(0257af54c9afb3b4aac9a7b63b982e71) Importer(815301076,1909f56bfc062723c751e8b465ee728b)  -> (artifact id: 'f8449ef7deb7c7ea5dbdeb55e27dc7d6') in 0.017789 seconds
Number of updated asset objects reloaded before import = 0
Number of asset objects unloaded after import = 3
========================================================================
Received Import Request.
  Time since last request: 0.434864 seconds.
  path: Assets/VINH/GAME BASIC/hinh anh/Art/Sprites/Enemy/01/Death/Death_00.png
  artifactKey: Guid(b436f19eb4881cd49a5097460944242f) Importer(815301076,1909f56bfc062723c751e8b465ee728b)
Start importing Assets/VINH/GAME BASIC/hinh anh/Art/Sprites/Enemy/01/Death/Death_00.png using Guid(b436f19eb4881cd49a5097460944242f) Importer(815301076,1909f56bfc062723c751e8b465ee728b)  -> (artifact id: '1e8e2352ccb5625a13d83b4a980831a5') in 0.016955 seconds
Number of updated asset objects reloaded before import = 0
Number of asset objects unloaded after import = 3
========================================================================
Received Import Request.
  Time since last request: 40.687687 seconds.
  path: Assets/VINH/GAME BASIC/dữ liệu game/Enemy
  artifactKey: Guid(1238ed1cc4e6501459b9d8ad81c212eb) Importer(815301076,1909f56bfc062723c751e8b465ee728b)
Start importing Assets/VINH/GAME BASIC/dữ liệu game/Enemy using Guid(1238ed1cc4e6501459b9d8ad81c212eb) Importer(815301076,1909f56bfc062723c751e8b465ee728b)  -> (artifact id: '133b48cea270ab60e388cb62b40006d8') in 0.000546 seconds
Number of updated asset objects reloaded before import = 0
Number of asset objects unloaded after import = 0
========================================================================
Received Import Request.
  Time since last request: 3.935753 seconds.
  path: Assets/VINH/GAME BASIC/dữ liệu game/Enemy/Enemy01.prefab
  artifactKey: Guid(896bbf08330dcb9408beeb9222ca9b0f) Importer(815301076,1909f56bfc062723c751e8b465ee728b)
Start importing Assets/VINH/GAME BASIC/dữ liệu game/Enemy/Enemy01.prefab using Guid(896bbf08330dcb9408beeb9222ca9b0f) Importer(815301076,1909f56bfc062723c751e8b465ee728b) The Animator Controller (Enemy01) you have used is not valid. Animations will not play
UnityEngine.StackTraceUtility:ExtractStackTrace ()
UnityEditor.EditorUtility:Internal_InstantiateRemoveAllNonAnimationComponentsSingle (UnityEngine.Object,UnityEngine.Vector3,UnityEngine.Quaternion)
UnityEditor.EditorUtility:InstantiateRemoveAllNonAnimationComponents (UnityEngine.Object,UnityEngine.Vector3,UnityEngine.Quaternion)
UnityEditor.EditorUtility:InstantiateForAnimatorPreview (UnityEngine.Object)
UnityEditor.GameObjectInspector/PreviewData:UpdateGameObject (UnityEngine.Object)
UnityEditor.GameObjectInspector/PreviewData:.ctor (UnityEngine.Object,bool)
UnityEditor.GameObjectInspector:GetPreviewData (bool)
UnityEditor.GameObjectInspector:RenderStaticPreview (string,UnityEngine.Object[],int,int)
UnityEditor.AssetPreviewUpdater:CreatePreview (UnityEngine.Object,UnityEngine.Object[],string,int,int)
UnityEditor.AssetPreviewUpdater:CreatePreviewForAsset (UnityEngine.Object,UnityEngine.Object[],string)

[C:\build\output\unity\unity\Modules\Animation\Director\AnimatorControllerPlayable.cpp line 333]

 -> (artifact id: '85db857142e75cd6c550011a30a81062') in 0.011629 seconds
Number of updated asset objects reloaded before import = 0
Number of asset objects unloaded after import = 9
========================================================================
Received Import Request.
  Time since last request: 63.183372 seconds.
  path: Assets/VINH/GAME BASIC/hinh anh/Art/Sprites/Enemy/02/Walk/Walk_08.png
  artifactKey: Guid(e0bbda27386e81d49a0ec9f837641a8a) Importer(815301076,1909f56bfc062723c751e8b465ee728b)
Start importing Assets/VINH/GAME BASIC/hinh anh/Art/Sprites/Enemy/02/Walk/Walk_08.png using Guid(e0bbda27386e81d49a0ec9f837641a8a) Importer(815301076,1909f56bfc062723c751e8b465ee728b)  -> (artifact id: '7a5316831c7c78a2eb915e024769c9ce') in 0.020033 seconds
Number of updated asset objects reloaded before import = 0
Number of asset objects unloaded after import = 3
========================================================================
Received Import Request.
  Time since last request: 0.766675 seconds.
  path: Assets/VINH/GAME BASIC/hinh anh/Art/Sprites/Enemy/02/Walk/Walk_00.png
  artifactKey: Guid(04b0b6a391652e94b93fffa58570895a) Importer(815301076,1909f56bfc062723c751e8b465ee728b)
Start importing Assets/VINH/GAME BASIC/hinh anh/Art/Sprites/Enemy/02/Walk/Walk_00.png using Guid(04b0b6a391652e94b93fffa58570895a) Importer(815301076,1909f56bfc062723c751e8b465ee728b)  -> (artifact id: '240c665e8fa1a2981dde40c184edf0fc') in 0.019409 seconds
Number of updated asset objects reloaded before import = 0
Number of asset objects unloaded after import = 3
========================================================================
Received Import Request.
  Time since last request: 31.611189 seconds.
  path: Assets/VINH/GAME BASIC/hinh anh/Art/Sprites/Enemy/02/Attack/Attack_13.png
  artifactKey: Guid(02a3816e1928782498397b9edfd667f0) Importer(815301076,1909f56bfc062723c751e8b465ee728b)
Start importing Assets/VINH/GAME BASIC/hinh anh/Art/Sprites/Enemy/02/Attack/Attack_13.png using Guid(02a3816e1928782498397b9edfd667f0) Importer(815301076,1909f56bfc062723c751e8b465ee728b)  -> (artifact id: '443df438c10dfa9a709942f5972bff1e') in 0.019329 seconds
Number of updated asset objects reloaded before import = 0
Number of asset objects unloaded after import = 3
========================================================================
Received Import Request.
  Time since last request: 0.552739 seconds.
  path: Assets/VINH/GAME BASIC/hinh anh/Art/Sprites/Enemy/02/Attack/Attack_00.png
  artifactKey: Guid(60a96d7c6a9d040459ec86e8994a3f7a) Importer(815301076,1909f56bfc062723c751e8b465ee728b)
Start importing Assets/VINH/GAME BASIC/hinh anh/Art/Sprites/Enemy/02/Attack/Attack_00.png using Guid(60a96d7c6a9d040459ec86e8994a3f7a) Importer(815301076,1909f56bfc062723c751e8b465ee728b)  -> (artifact id: '35362879d0d8997622783352401aad91') in 0.018863 seconds
Number of updated asset objects reloaded before import = 0
Number of asset objects unloaded after import = 3
========================================================================
Received Import Request.
  Time since last request: 17.496468 seconds.
  path: Assets/VINH/GAME BASIC/hinh anh/Art/Sprites/Enemy/02/Death/Death_15.png
  artifactKey: Guid(cdc7502c94200a840a9d2fc6db81a37d) Importer(815301076,1909f56bfc062723c751e8b465ee728b)
Start importing Assets/VINH/GAME BASIC/hinh anh/Art/Sprites/Enemy/02/Death/Death_15.png using Guid(cdc7502c94200a840a9d2fc6db81a37d) Importer(815301076,1909f56bfc062723c751e8b465ee728b)  -> (artifact id: '45334e38cdd6c52906bd49a7e9eccc1b') in 0.019952 seconds
Number of updated asset objects reloaded before import = 0
Number of asset objects unloaded after import = 3
========================================================================
Received Import Request.
  Time since last request: 0.760537 seconds.
  path: Assets/VINH/GAME BASIC/hinh anh/Art/Sprites/Enemy/02/Death/Death_00.png
  artifactKey: Guid(ae68060326b6af244851c7b7585a2505) Importer(815301076,1909f56bfc062723c751e8b465ee728b)
Start importing Assets/VINH/GAME BASIC/hinh anh/Art/Sprites/Enemy/02/Death/Death_00.png using Guid(ae68060326b6af244851c7b7585a2505) Importer(815301076,1909f56bfc062723c751e8b465ee728b)  -> (artifact id: 'ad0dee2542885fed81ea569e9c200030') in 0.017615 seconds
Number of updated asset objects reloaded before import = 0
Number of asset objects unloaded after import = 3
========================================================================
Received Import Request.
  Time since last request: 13.516310 seconds.
  path: Assets/VINH/GAME BASIC/dữ liệu game/Enemy/Enemy02.prefab
  artifactKey: Guid(5a7148f81136ee04d8c386f95222e75a) Importer(815301076,1909f56bfc062723c751e8b465ee728b)
Start importing Assets/VINH/GAME BASIC/dữ liệu game/Enemy/Enemy02.prefab using Guid(5a7148f81136ee04d8c386f95222e75a) Importer(815301076,1909f56bfc062723c751e8b465ee728b) The Animator Controller (Enemy02) you have used is not valid. Animations will not play
UnityEngine.StackTraceUtility:ExtractStackTrace ()
UnityEditor.EditorUtility:Internal_InstantiateRemoveAllNonAnimationComponentsSingle (UnityEngine.Object,UnityEngine.Vector3,UnityEngine.Quaternion)
UnityEditor.EditorUtility:InstantiateRemoveAllNonAnimationComponents (UnityEngine.Object,UnityEngine.Vector3,UnityEngine.Quaternion)
UnityEditor.EditorUtility:InstantiateForAnimatorPreview (UnityEngine.Object)
UnityEditor.GameObjectInspector/PreviewData:UpdateGameObject (UnityEngine.Object)
UnityEditor.GameObjectInspector/PreviewData:.ctor (UnityEngine.Object,bool)
UnityEditor.GameObjectInspector:GetPreviewData (bool)
UnityEditor.GameObjectInspector:RenderStaticPreview (string,UnityEngine.Object[],int,int)
UnityEditor.AssetPreviewUpdater:CreatePreview (UnityEngine.Object,UnityEngine.Object[],string,int,int)
UnityEditor.AssetPreviewUpdater:CreatePreviewForAsset (UnityEngine.Object,UnityEngine.Object[],string)

[C:\build\output\unity\unity\Modules\Animation\Director\AnimatorControllerPlayable.cpp line 333]

 -> (artifact id: '8a80cc7ed796333df77a51ad47e9fee1') in 0.012548 seconds
Number of updated asset objects reloaded before import = 0
Number of asset objects unloaded after import = 9
========================================================================
Received Import Request.
  Time since last request: 5.139255 seconds.
  path: Assets/VINH/GAME BASIC/hinh anh/Art/Sprites/Enemy/03/Walk
  artifactKey: Guid(685ad05bb0f494c4ebbee23772e09784) Importer(815301076,1909f56bfc062723c751e8b465ee728b)
Start importing Assets/VINH/GAME BASIC/hinh anh/Art/Sprites/Enemy/03/Walk using Guid(685ad05bb0f494c4ebbee23772e09784) Importer(815301076,1909f56bfc062723c751e8b465ee728b)  -> (artifact id: 'e3ddf69711c5fa60cbf9b863d632d6c8') in 0.009341 seconds
Number of updated asset objects reloaded before import = 0
Number of asset objects unloaded after import = 0
========================================================================
Received Import Request.
  Time since last request: 40.898138 seconds.
  path: Assets/VINH/GAME BASIC/hinh anh/Art/Sprites/Enemy/03/Walk/Walk_18.png
  artifactKey: Guid(26b2e805ad4d9c04fa205dd8b07e48d3) Importer(815301076,1909f56bfc062723c751e8b465ee728b)
Start importing Assets/VINH/GAME BASIC/hinh anh/Art/Sprites/Enemy/03/Walk/Walk_18.png using Guid(26b2e805ad4d9c04fa205dd8b07e48d3) Importer(815301076,1909f56bfc062723c751e8b465ee728b)  -> (artifact id: 'e50ca94640d72ac86781b32ef65f96d8') in 0.017958 seconds
Number of updated asset objects reloaded before import = 0
Number of asset objects unloaded after import = 3
========================================================================
Received Import Request.
  Time since last request: 0.908943 seconds.
  path: Assets/VINH/GAME BASIC/hinh anh/Art/Sprites/Enemy/03/Walk/Walk_00.png
  artifactKey: Guid(07e54e8f9e65b0545b84acd02a32d9ef) Importer(815301076,1909f56bfc062723c751e8b465ee728b)
Start importing Assets/VINH/GAME BASIC/hinh anh/Art/Sprites/Enemy/03/Walk/Walk_00.png using Guid(07e54e8f9e65b0545b84acd02a32d9ef) Importer(815301076,1909f56bfc062723c751e8b465ee728b)  -> (artifact id: 'a7bf3dc4d9313e0163b97d47d092fc48') in 0.018455 seconds
Number of updated asset objects reloaded before import = 0
Number of asset objects unloaded after import = 3
========================================================================
Received Import Request.
  Time since last request: 14.021497 seconds.
  path: Assets/VINH/GAME BASIC/hinh anh/Art/Sprites/Enemy/03/Walk/Walk_19.png
  artifactKey: Guid(6ba87661e82c2954f9afcffd8e8b5597) Importer(815301076,1909f56bfc062723c751e8b465ee728b)
Start importing Assets/VINH/GAME BASIC/hinh anh/Art/Sprites/Enemy/03/Walk/Walk_19.png using Guid(6ba87661e82c2954f9afcffd8e8b5597) Importer(815301076,1909f56bfc062723c751e8b465ee728b)  -> (artifact id: '905b830daef9ee2ee42f6bea0d2283c6') in 0.022794 seconds
Number of updated asset objects reloaded before import = 0
Number of asset objects unloaded after import = 3
========================================================================
Received Import Request.
  Time since last request: 13.988671 seconds.
  path: Assets/VINH/GAME BASIC/hinh anh/Art/Sprites/Enemy/03/Attack/Attack_17.png
  artifactKey: Guid(f8708168232d3cd438b475aaa42a4c31) Importer(815301076,1909f56bfc062723c751e8b465ee728b)
Start importing Assets/VINH/GAME BASIC/hinh anh/Art/Sprites/Enemy/03/Attack/Attack_17.png using Guid(f8708168232d3cd438b475aaa42a4c31) Importer(815301076,1909f56bfc062723c751e8b465ee728b)  -> (artifact id: '3e1b5c449c6ccda4199ec0cb647f46ae') in 0.020264 seconds
Number of updated asset objects reloaded before import = 0
Number of asset objects unloaded after import = 3
========================================================================
Received Import Request.
  Time since last request: 0.720232 seconds.
  path: Assets/VINH/GAME BASIC/hinh anh/Art/Sprites/Enemy/03/Attack/Attack_00.png
  artifactKey: Guid(96e1bbb0fb233a444a5b5acd9005f68d) Importer(815301076,1909f56bfc062723c751e8b465ee728b)
Start importing Assets/VINH/GAME BASIC/hinh anh/Art/Sprites/Enemy/03/Attack/Attack_00.png using Guid(96e1bbb0fb233a444a5b5acd9005f68d) Importer(815301076,1909f56bfc062723c751e8b465ee728b)  -> (artifact id: 'bd281134d43973494a73055d3e296e49') in 0.020476 seconds
Number of updated asset objects reloaded before import = 0
Number of asset objects unloaded after import = 3
========================================================================
Received Import Request.
  Time since last request: 9.601114 seconds.
  path: Assets/VINH/GAME BASIC/hinh anh/Art/Sprites/Enemy/03/Death/Death_14.png
  artifactKey: Guid(1963357c27584da4381224ec7c9c4a51) Importer(815301076,1909f56bfc062723c751e8b465ee728b)
Start importing Assets/VINH/GAME BASIC/hinh anh/Art/Sprites/Enemy/03/Death/Death_14.png using Guid(1963357c27584da4381224ec7c9c4a51) Importer(815301076,1909f56bfc062723c751e8b465ee728b)  -> (artifact id: '64f37661bca106407df15677c9ab2b80') in 0.017789 seconds
Number of updated asset objects reloaded before import = 0
Number of asset objects unloaded after import = 3
========================================================================
Received Import Request.
  Time since last request: 1.134162 seconds.
  path: Assets/VINH/GAME BASIC/hinh anh/Art/Sprites/Enemy/03/Death/Death_00.png
  artifactKey: Guid(2fcc3333170313946b3c93d09ba2c11d) Importer(815301076,1909f56bfc062723c751e8b465ee728b)
Start importing Assets/VINH/GAME BASIC/hinh anh/Art/Sprites/Enemy/03/Death/Death_00.png using Guid(2fcc3333170313946b3c93d09ba2c11d) Importer(815301076,1909f56bfc062723c751e8b465ee728b)  -> (artifact id: 'b7868fbbbe2db4965b0baf07b1927083') in 0.018650 seconds
Number of updated asset objects reloaded before import = 0
Number of asset objects unloaded after import = 3
========================================================================
Received Import Request.
  Time since last request: 11.595422 seconds.
  path: Assets/VINH/GAME BASIC/dữ liệu game/Enemy/Enemy03.prefab
  artifactKey: Guid(1236db48ac5de9d4bb2c479703ef690b) Importer(815301076,1909f56bfc062723c751e8b465ee728b)
Start importing Assets/VINH/GAME BASIC/dữ liệu game/Enemy/Enemy03.prefab using Guid(1236db48ac5de9d4bb2c479703ef690b) Importer(815301076,1909f56bfc062723c751e8b465ee728b) The Animator Controller (Enemy03) you have used is not valid. Animations will not play
UnityEngine.StackTraceUtility:ExtractStackTrace ()
UnityEditor.EditorUtility:Internal_InstantiateRemoveAllNonAnimationComponentsSingle (UnityEngine.Object,UnityEngine.Vector3,UnityEngine.Quaternion)
UnityEditor.EditorUtility:InstantiateRemoveAllNonAnimationComponents (UnityEngine.Object,UnityEngine.Vector3,UnityEngine.Quaternion)
UnityEditor.EditorUtility:InstantiateForAnimatorPreview (UnityEngine.Object)
UnityEditor.GameObjectInspector/PreviewData:UpdateGameObject (UnityEngine.Object)
UnityEditor.GameObjectInspector/PreviewData:.ctor (UnityEngine.Object,bool)
UnityEditor.GameObjectInspector:GetPreviewData (bool)
UnityEditor.GameObjectInspector:RenderStaticPreview (string,UnityEngine.Object[],int,int)
UnityEditor.AssetPreviewUpdater:CreatePreview (UnityEngine.Object,UnityEngine.Object[],string,int,int)
UnityEditor.AssetPreviewUpdater:CreatePreviewForAsset (UnityEngine.Object,UnityEngine.Object[],string)

[C:\build\output\unity\unity\Modules\Animation\Director\AnimatorControllerPlayable.cpp line 333]

 -> (artifact id: '72c84dbbf16ea3890259a192a8455718') in 0.011710 seconds
Number of updated asset objects reloaded before import = 0
Number of asset objects unloaded after import = 9
========================================================================
Received Prepare
Begin MonoManager ReloadAssembly
- Loaded All Assemblies, in  2.834 seconds
Refreshing native plugins compatible for Editor in 5.48 ms, found 4 plugins.
Native extension for WindowsStandalone target not found
[Package Manager] Server::EnsureServerProcessIsRunning -- launch failed, reason: Unity was launched with the -noUpm command-line argument
[Package Manager] UpmClient::Send -- Unable to send message (not connected to UPM process).
[Package Manager] Cannot connect to Unity Package Manager local server
Mono: successfully reloaded assembly
- Finished resetting the current domain, in 11.421 seconds
Domain Reload Profiling: 14252ms
	BeginReloadAssembly (195ms)
		ExecutionOrderSort (0ms)
		DisableScriptedObjects (11ms)
		BackupInstance (0ms)
		ReleaseScriptingObjects (0ms)
		CreateAndSetChildDomain (38ms)
	RebuildCommonClasses (136ms)
	RebuildNativeTypeToScriptingClass (16ms)
	initialDomainReloadingComplete (37ms)
	LoadAllAssembliesAndSetupDomain (2447ms)
		LoadAssemblies (2546ms)
		RebuildTransferFunctionScriptingTraits (0ms)
		AnalyzeDomain (16ms)
			TypeCache.Refresh (8ms)
				TypeCache.ScanAssembly (0ms)
			ScanForSourceGeneratedMonoScriptInfo (0ms)
			ResolveRequiredComponents (7ms)
	FinalizeReload (11421ms)
		ReleaseScriptCaches (0ms)
		RebuildScriptCaches (0ms)
		SetupLoadedEditorAssemblies (403ms)
			LogAssemblyErrors (0ms)
			InitializePlatformSupportModulesInManaged (6ms)
			SetLoadedEditorAssemblies (5ms)
			RefreshPlugins (0ms)
			BeforeProcessingInitializeOnLoad (74ms)
			ProcessInitializeOnLoadAttributes (280ms)
			ProcessInitializeOnLoadMethodAttributes (32ms)
			AfterProcessingInitializeOnLoad (7ms)
			EditorAssembliesLoaded (0ms)
		ExecutionOrderSort2 (0ms)
		AwakeInstancesAfterBackupRestoration (13ms)
Refreshing native plugins compatible for Editor in 5.20 ms, found 4 plugins.
Preloading 0 native plugins for Editor in 0.00 ms.
Unloading 4009 Unused Serialized files (Serialized files now loaded: 0)
Unloading 42 unused Assets / (217.2 KB). Loaded Objects now: 4504.
Memory consumption went from 155.6 MB to 155.4 MB.
Total: 3.589300 ms (FindLiveObjects: 0.297400 ms CreateObjectMapping: 0.276600 ms MarkObjects: 2.769900 ms  DeleteObjects: 0.244500 ms)

Prepare: number of updated asset objects reloaded= 0
AssetImportParameters requested are different than current active one (requested -> active):
  custom:container-demuxer-ogg: 62fdf1f143b41e24485cea50d1cbac27 -> 
  custom:video-decoder-ogg-theora: a1e56fd34408186e4bbccfd4996cb3dc -> 
  custom:framework-win-MediaFoundation: 216162199b28c13a410421893ffa2e32 -> 
  custom:CustomObjectIndexerAttribute: 756ad292c208cfabdd7b50bc23989ffe -> 
  custom:container-demuxer-webm: 4f35f7cbe854078d1ac9338744f61a02 -> 
  custom:container-muxer-webm: aa71ff27fc2769a1b78a27578f13a17b -> 
  custom:video-decoder-webm-vp8: 9c59270c3fd7afecdb556c50c9e8de78 -> 
  custom:SearchIndexIgnoredProperties: e643bd26f0fe6173181afceb89e7c659 -> 
  custom:AudioImporter_EditorPlatform: d09bf68614088b80899f8185d706f6e7 -> 
  custom:video-encoder-webm-vp8: eb34c28f22e8b96e1ab97ce403110664 -> 
  custom:audio-decoder-ogg-vorbis: bf7c407c2cedff20999df2af8eb42d56 -> 
  custom:audio-encoder-webm-vorbis: bf7c407c2cedff20999df2af8eb42d56 -> 
========================================================================
Received Prepare
Begin MonoManager ReloadAssembly
- Loaded All Assemblies, in  0.473 seconds
Refreshing native plugins compatible for Editor in 4.71 ms, found 4 plugins.
Native extension for WindowsStandalone target not found
[Package Manager] Server::EnsureServerProcessIsRunning -- launch failed, reason: Unity was launched with the -noUpm command-line argument
[Package Manager] UpmClient::Send -- Unable to send message (not connected to UPM process).
[Package Manager] Cannot connect to Unity Package Manager local server
Mono: successfully reloaded assembly
- Finished resetting the current domain, in  1.055 seconds
Domain Reload Profiling: 1525ms
	BeginReloadAssembly (157ms)
		ExecutionOrderSort (0ms)
		DisableScriptedObjects (12ms)
		BackupInstance (0ms)
		ReleaseScriptingObjects (0ms)
		CreateAndSetChildDomain (34ms)
	RebuildCommonClasses (33ms)
	RebuildNativeTypeToScriptingClass (12ms)
	initialDomainReloadingComplete (37ms)
	LoadAllAssembliesAndSetupDomain (231ms)
		LoadAssemblies (297ms)
		RebuildTransferFunctionScriptingTraits (0ms)
		AnalyzeDomain (12ms)
			TypeCache.Refresh (6ms)
				TypeCache.ScanAssembly (0ms)
			ScanForSourceGeneratedMonoScriptInfo (0ms)
			ResolveRequiredComponents (5ms)
	FinalizeReload (1055ms)
		ReleaseScriptCaches (0ms)
		RebuildScriptCaches (0ms)
		SetupLoadedEditorAssemblies (492ms)
			LogAssemblyErrors (0ms)
			InitializePlatformSupportModulesInManaged (8ms)
			SetLoadedEditorAssemblies (5ms)
			RefreshPlugins (0ms)
			BeforeProcessingInitializeOnLoad (90ms)
			ProcessInitializeOnLoadAttributes (342ms)
			ProcessInitializeOnLoadMethodAttributes (39ms)
			AfterProcessingInitializeOnLoad (7ms)
			EditorAssembliesLoaded (0ms)
		ExecutionOrderSort2 (0ms)
		AwakeInstancesAfterBackupRestoration (15ms)
Refreshing native plugins compatible for Editor in 4.44 ms, found 4 plugins.
Preloading 0 native plugins for Editor in 0.00 ms.
Unloading 4010 Unused Serialized files (Serialized files now loaded: 0)
Unloading 42 unused Assets / (217.2 KB). Loaded Objects now: 4508.
Memory consumption went from 157.8 MB to 157.6 MB.
Total: 4.289500 ms (FindLiveObjects: 0.335400 ms CreateObjectMapping: 0.385800 ms MarkObjects: 3.369100 ms  DeleteObjects: 0.198300 ms)

Prepare: number of updated asset objects reloaded= 0
AssetImportParameters requested are different than current active one (requested -> active):
  custom:container-demuxer-ogg: 62fdf1f143b41e24485cea50d1cbac27 -> 
  custom:video-decoder-ogg-theora: a1e56fd34408186e4bbccfd4996cb3dc -> 
  custom:framework-win-MediaFoundation: 216162199b28c13a410421893ffa2e32 -> 
  custom:CustomObjectIndexerAttribute: 756ad292c208cfabdd7b50bc23989ffe -> 
  custom:container-demuxer-webm: 4f35f7cbe854078d1ac9338744f61a02 -> 
  custom:container-muxer-webm: aa71ff27fc2769a1b78a27578f13a17b -> 
  custom:video-decoder-webm-vp8: 9c59270c3fd7afecdb556c50c9e8de78 -> 
  custom:SearchIndexIgnoredProperties: e643bd26f0fe6173181afceb89e7c659 -> 
  custom:AudioImporter_EditorPlatform: d09bf68614088b80899f8185d706f6e7 -> 
  custom:video-encoder-webm-vp8: eb34c28f22e8b96e1ab97ce403110664 -> 
  custom:audio-decoder-ogg-vorbis: bf7c407c2cedff20999df2af8eb42d56 -> 
  custom:audio-encoder-webm-vorbis: bf7c407c2cedff20999df2af8eb42d56 -> 
========================================================================
Received Prepare
Begin MonoManager ReloadAssembly
- Loaded All Assemblies, in  0.443 seconds
Refreshing native plugins compatible for Editor in 3.96 ms, found 4 plugins.
Native extension for WindowsStandalone target not found
[Package Manager] Server::EnsureServerProcessIsRunning -- launch failed, reason: Unity was launched with the -noUpm command-line argument
[Package Manager] UpmClient::Send -- Unable to send message (not connected to UPM process).
[Package Manager] Cannot connect to Unity Package Manager local server
Mono: successfully reloaded assembly
- Finished resetting the current domain, in  1.042 seconds
Domain Reload Profiling: 1482ms
	BeginReloadAssembly (152ms)
		ExecutionOrderSort (0ms)
		DisableScriptedObjects (12ms)
		BackupInstance (0ms)
		ReleaseScriptingObjects (0ms)
		CreateAndSetChildDomain (33ms)
	RebuildCommonClasses (35ms)
	RebuildNativeTypeToScriptingClass (15ms)
	initialDomainReloadingComplete (29ms)
	LoadAllAssembliesAndSetupDomain (209ms)
		LoadAssemblies (273ms)
		RebuildTransferFunctionScriptingTraits (0ms)
		AnalyzeDomain (13ms)
			TypeCache.Refresh (6ms)
				TypeCache.ScanAssembly (0ms)
			ScanForSourceGeneratedMonoScriptInfo (0ms)
			ResolveRequiredComponents (5ms)
	FinalizeReload (1042ms)
		ReleaseScriptCaches (0ms)
		RebuildScriptCaches (0ms)
		SetupLoadedEditorAssemblies (489ms)
			LogAssemblyErrors (0ms)
			InitializePlatformSupportModulesInManaged (8ms)
			SetLoadedEditorAssemblies (6ms)
			RefreshPlugins (0ms)
			BeforeProcessingInitializeOnLoad (92ms)
			ProcessInitializeOnLoadAttributes (337ms)
			ProcessInitializeOnLoadMethodAttributes (38ms)
			AfterProcessingInitializeOnLoad (8ms)
			EditorAssembliesLoaded (0ms)
		ExecutionOrderSort2 (0ms)
		AwakeInstancesAfterBackupRestoration (14ms)
Refreshing native plugins compatible for Editor in 4.99 ms, found 4 plugins.
Preloading 0 native plugins for Editor in 0.00 ms.
Unloading 4010 Unused Serialized files (Serialized files now loaded: 0)
Unloading 42 unused Assets / (217.4 KB). Loaded Objects now: 4512.
Memory consumption went from 159.7 MB to 159.5 MB.
Total: 4.314900 ms (FindLiveObjects: 0.324300 ms CreateObjectMapping: 0.369700 ms MarkObjects: 3.310500 ms  DeleteObjects: 0.309300 ms)

Prepare: number of updated asset objects reloaded= 0
AssetImportParameters requested are different than current active one (requested -> active):
  custom:container-demuxer-ogg: 62fdf1f143b41e24485cea50d1cbac27 -> 
  custom:video-decoder-ogg-theora: a1e56fd34408186e4bbccfd4996cb3dc -> 
  custom:framework-win-MediaFoundation: 216162199b28c13a410421893ffa2e32 -> 
  custom:CustomObjectIndexerAttribute: 756ad292c208cfabdd7b50bc23989ffe -> 
  custom:container-demuxer-webm: 4f35f7cbe854078d1ac9338744f61a02 -> 
  custom:container-muxer-webm: aa71ff27fc2769a1b78a27578f13a17b -> 
  custom:video-decoder-webm-vp8: 9c59270c3fd7afecdb556c50c9e8de78 -> 
  custom:SearchIndexIgnoredProperties: e643bd26f0fe6173181afceb89e7c659 -> 
  custom:AudioImporter_EditorPlatform: d09bf68614088b80899f8185d706f6e7 -> 
  custom:video-encoder-webm-vp8: eb34c28f22e8b96e1ab97ce403110664 -> 
  custom:audio-decoder-ogg-vorbis: bf7c407c2cedff20999df2af8eb42d56 -> 
  custom:audio-encoder-webm-vorbis: bf7c407c2cedff20999df2af8eb42d56 -> 
========================================================================
Received Prepare
Begin MonoManager ReloadAssembly
- Loaded All Assemblies, in  0.449 seconds
Refreshing native plugins compatible for Editor in 5.76 ms, found 4 plugins.
Native extension for WindowsStandalone target not found
[Package Manager] Server::EnsureServerProcessIsRunning -- launch failed, reason: Unity was launched with the -noUpm command-line argument
[Package Manager] UpmClient::Send -- Unable to send message (not connected to UPM process).
[Package Manager] Cannot connect to Unity Package Manager local server
Mono: successfully reloaded assembly
- Finished resetting the current domain, in  1.015 seconds
Domain Reload Profiling: 1461ms
	BeginReloadAssembly (156ms)
		ExecutionOrderSort (0ms)
		DisableScriptedObjects (15ms)
		BackupInstance (0ms)
		ReleaseScriptingObjects (0ms)
		CreateAndSetChildDomain (32ms)
	RebuildCommonClasses (32ms)
	RebuildNativeTypeToScriptingClass (11ms)
	initialDomainReloadingComplete (33ms)
	LoadAllAssembliesAndSetupDomain (214ms)
		LoadAssemblies (281ms)
		RebuildTransferFunctionScriptingTraits (0ms)
		AnalyzeDomain (12ms)
			TypeCache.Refresh (6ms)
				TypeCache.ScanAssembly (0ms)
			ScanForSourceGeneratedMonoScriptInfo (0ms)
			ResolveRequiredComponents (5ms)
	FinalizeReload (1015ms)
		ReleaseScriptCaches (0ms)
		RebuildScriptCaches (0ms)
		SetupLoadedEditorAssemblies (486ms)
			LogAssemblyErrors (0ms)
			InitializePlatformSupportModulesInManaged (6ms)
			SetLoadedEditorAssemblies (5ms)
			RefreshPlugins (0ms)
			BeforeProcessingInitializeOnLoad (87ms)
			ProcessInitializeOnLoadAttributes (338ms)
			ProcessInitializeOnLoadMethodAttributes (40ms)
			AfterProcessingInitializeOnLoad (8ms)
			EditorAssembliesLoaded (0ms)
		ExecutionOrderSort2 (0ms)
		AwakeInstancesAfterBackupRestoration (16ms)
Refreshing native plugins compatible for Editor in 5.60 ms, found 4 plugins.
Preloading 0 native plugins for Editor in 0.00 ms.
Unloading 4010 Unused Serialized files (Serialized files now loaded: 0)
Unloading 42 unused Assets / (217.5 KB). Loaded Objects now: 4516.
Memory consumption went from 161.7 MB to 161.4 MB.
Total: 4.071400 ms (FindLiveObjects: 0.338600 ms CreateObjectMapping: 0.308300 ms MarkObjects: 3.221900 ms  DeleteObjects: 0.202000 ms)

Prepare: number of updated asset objects reloaded= 0
AssetImportParameters requested are different than current active one (requested -> active):
  custom:container-demuxer-ogg: 62fdf1f143b41e24485cea50d1cbac27 -> 
  custom:video-decoder-ogg-theora: a1e56fd34408186e4bbccfd4996cb3dc -> 
  custom:framework-win-MediaFoundation: 216162199b28c13a410421893ffa2e32 -> 
  custom:CustomObjectIndexerAttribute: 756ad292c208cfabdd7b50bc23989ffe -> 
  custom:container-demuxer-webm: 4f35f7cbe854078d1ac9338744f61a02 -> 
  custom:container-muxer-webm: aa71ff27fc2769a1b78a27578f13a17b -> 
  custom:video-decoder-webm-vp8: 9c59270c3fd7afecdb556c50c9e8de78 -> 
  custom:SearchIndexIgnoredProperties: e643bd26f0fe6173181afceb89e7c659 -> 
  custom:AudioImporter_EditorPlatform: d09bf68614088b80899f8185d706f6e7 -> 
  custom:video-encoder-webm-vp8: eb34c28f22e8b96e1ab97ce403110664 -> 
  custom:audio-decoder-ogg-vorbis: bf7c407c2cedff20999df2af8eb42d56 -> 
  custom:audio-encoder-webm-vorbis: bf7c407c2cedff20999df2af8eb42d56 -> 
========================================================================
Received Import Request.
  Time since last request: 1277.323296 seconds.
  path: Assets/VINH/GAME BASIC/hinh anh/Art/Animation/Hero/Hero01/Hero01.controller
  artifactKey: Guid(93049fe93dd4ebc4fba5b9e94a985cb1) Importer(815301076,1909f56bfc062723c751e8b465ee728b)
Start importing Assets/VINH/GAME BASIC/hinh anh/Art/Animation/Hero/Hero01/Hero01.controller using Guid(93049fe93dd4ebc4fba5b9e94a985cb1) Importer(815301076,1909f56bfc062723c751e8b465ee728b)  -> (artifact id: 'e4b40ea5e02075dd71ce9ee2a444f80a') in 0.032793 seconds
Number of updated asset objects reloaded before import = 0
Number of asset objects unloaded after import = 8
========================================================================
Received Prepare
Begin MonoManager ReloadAssembly
- Loaded All Assemblies, in  0.441 seconds
Refreshing native plugins compatible for Editor in 4.21 ms, found 4 plugins.
Native extension for WindowsStandalone target not found
[Package Manager] Server::EnsureServerProcessIsRunning -- launch failed, reason: Unity was launched with the -noUpm command-line argument
[Package Manager] UpmClient::Send -- Unable to send message (not connected to UPM process).
[Package Manager] Cannot connect to Unity Package Manager local server
Mono: successfully reloaded assembly
- Finished resetting the current domain, in  1.020 seconds
Domain Reload Profiling: 1458ms
	BeginReloadAssembly (155ms)
		ExecutionOrderSort (0ms)
		DisableScriptedObjects (11ms)
		BackupInstance (0ms)
		ReleaseScriptingObjects (0ms)
		CreateAndSetChildDomain (33ms)
	RebuildCommonClasses (33ms)
	RebuildNativeTypeToScriptingClass (12ms)
	initialDomainReloadingComplete (29ms)
	LoadAllAssembliesAndSetupDomain (209ms)
		LoadAssemblies (276ms)
		RebuildTransferFunctionScriptingTraits (0ms)
		AnalyzeDomain (13ms)
			TypeCache.Refresh (7ms)
				TypeCache.ScanAssembly (0ms)
			ScanForSourceGeneratedMonoScriptInfo (0ms)
			ResolveRequiredComponents (5ms)
	FinalizeReload (1020ms)
		ReleaseScriptCaches (0ms)
		RebuildScriptCaches (0ms)
		SetupLoadedEditorAssemblies (474ms)
			LogAssemblyErrors (0ms)
			InitializePlatformSupportModulesInManaged (6ms)
			SetLoadedEditorAssemblies (5ms)
			RefreshPlugins (0ms)
			BeforeProcessingInitializeOnLoad (88ms)
			ProcessInitializeOnLoadAttributes (327ms)
			ProcessInitializeOnLoadMethodAttributes (38ms)
			AfterProcessingInitializeOnLoad (8ms)
			EditorAssembliesLoaded (0ms)
		ExecutionOrderSort2 (0ms)
		AwakeInstancesAfterBackupRestoration (16ms)
Refreshing native plugins compatible for Editor in 4.54 ms, found 4 plugins.
Preloading 0 native plugins for Editor in 0.00 ms.
Unloading 4009 Unused Serialized files (Serialized files now loaded: 0)
Unloading 42 unused Assets / (217.4 KB). Loaded Objects now: 4520.
Memory consumption went from 163.3 MB to 163.1 MB.
Total: 3.563000 ms (FindLiveObjects: 0.320600 ms CreateObjectMapping: 0.314500 ms MarkObjects: 2.737600 ms  DeleteObjects: 0.188800 ms)

Prepare: number of updated asset objects reloaded= 0
AssetImportParameters requested are different than current active one (requested -> active):
  custom:container-demuxer-ogg: 62fdf1f143b41e24485cea50d1cbac27 -> 
  custom:video-decoder-ogg-theora: a1e56fd34408186e4bbccfd4996cb3dc -> 
  custom:framework-win-MediaFoundation: 216162199b28c13a410421893ffa2e32 -> 
  custom:CustomObjectIndexerAttribute: 756ad292c208cfabdd7b50bc23989ffe -> 
  custom:container-demuxer-webm: 4f35f7cbe854078d1ac9338744f61a02 -> 
  custom:container-muxer-webm: aa71ff27fc2769a1b78a27578f13a17b -> 
  custom:video-decoder-webm-vp8: 9c59270c3fd7afecdb556c50c9e8de78 -> 
  custom:SearchIndexIgnoredProperties: e643bd26f0fe6173181afceb89e7c659 -> 
  custom:AudioImporter_EditorPlatform: d09bf68614088b80899f8185d706f6e7 -> 
  custom:video-encoder-webm-vp8: eb34c28f22e8b96e1ab97ce403110664 -> 
  custom:audio-decoder-ogg-vorbis: bf7c407c2cedff20999df2af8eb42d56 -> 
  custom:audio-encoder-webm-vorbis: bf7c407c2cedff20999df2af8eb42d56 -> 
========================================================================
Received Import Request.
  Time since last request: 263.722150 seconds.
  path: Assets/VINH/GAME BASIC/hinh anh/Art/Animation/Enemy/Enemy02/Enemy02.controller
  artifactKey: Guid(0ea7ca59701ef5e4494391c30896e277) Importer(815301076,1909f56bfc062723c751e8b465ee728b)
Start importing Assets/VINH/GAME BASIC/hinh anh/Art/Animation/Enemy/Enemy02/Enemy02.controller using Guid(0ea7ca59701ef5e4494391c30896e277) Importer(815301076,1909f56bfc062723c751e8b465ee728b)  -> (artifact id: 'a72b1e24bc69a93e1ae33c0bb36b2286') in 0.012334 seconds
Number of updated asset objects reloaded before import = 0
Number of asset objects unloaded after import = 8
========================================================================
Received Prepare
Begin MonoManager ReloadAssembly
- Loaded All Assemblies, in  0.461 seconds
Refreshing native plugins compatible for Editor in 3.99 ms, found 4 plugins.
Native extension for WindowsStandalone target not found
[Package Manager] Server::EnsureServerProcessIsRunning -- launch failed, reason: Unity was launched with the -noUpm command-line argument
[Package Manager] UpmClient::Send -- Unable to send message (not connected to UPM process).
[Package Manager] Cannot connect to Unity Package Manager local server
Mono: successfully reloaded assembly
- Finished resetting the current domain, in  1.004 seconds
Domain Reload Profiling: 1462ms
	BeginReloadAssembly (174ms)
		ExecutionOrderSort (0ms)
		DisableScriptedObjects (15ms)
		BackupInstance (0ms)
		ReleaseScriptingObjects (0ms)
		CreateAndSetChildDomain (39ms)
	RebuildCommonClasses (33ms)
	RebuildNativeTypeToScriptingClass (12ms)
	initialDomainReloadingComplete (29ms)
	LoadAllAssembliesAndSetupDomain (210ms)
		LoadAssemblies (287ms)
		RebuildTransferFunctionScriptingTraits (0ms)
		AnalyzeDomain (13ms)
			TypeCache.Refresh (6ms)
				TypeCache.ScanAssembly (0ms)
			ScanForSourceGeneratedMonoScriptInfo (0ms)
			ResolveRequiredComponents (5ms)
	FinalizeReload (1004ms)
		ReleaseScriptCaches (0ms)
		RebuildScriptCaches (0ms)
		SetupLoadedEditorAssemblies (466ms)
			LogAssemblyErrors (0ms)
			InitializePlatformSupportModulesInManaged (6ms)
			SetLoadedEditorAssemblies (6ms)
			RefreshPlugins (0ms)
			BeforeProcessingInitializeOnLoad (85ms)
			ProcessInitializeOnLoadAttributes (324ms)
			ProcessInitializeOnLoadMethodAttributes (38ms)
			AfterProcessingInitializeOnLoad (7ms)
			EditorAssembliesLoaded (0ms)
		ExecutionOrderSort2 (0ms)
		AwakeInstancesAfterBackupRestoration (13ms)
Refreshing native plugins compatible for Editor in 4.39 ms, found 4 plugins.
Preloading 0 native plugins for Editor in 0.00 ms.
Unloading 4009 Unused Serialized files (Serialized files now loaded: 0)
Unloading 42 unused Assets / (217.3 KB). Loaded Objects now: 4524.
Memory consumption went from 165.3 MB to 165.1 MB.
Total: 3.871200 ms (FindLiveObjects: 0.334400 ms CreateObjectMapping: 0.322400 ms MarkObjects: 3.030200 ms  DeleteObjects: 0.183300 ms)

Prepare: number of updated asset objects reloaded= 0
AssetImportParameters requested are different than current active one (requested -> active):
  custom:container-demuxer-ogg: 62fdf1f143b41e24485cea50d1cbac27 -> 
  custom:video-decoder-ogg-theora: a1e56fd34408186e4bbccfd4996cb3dc -> 
  custom:framework-win-MediaFoundation: 216162199b28c13a410421893ffa2e32 -> 
  custom:CustomObjectIndexerAttribute: 756ad292c208cfabdd7b50bc23989ffe -> 
  custom:container-demuxer-webm: 4f35f7cbe854078d1ac9338744f61a02 -> 
  custom:container-muxer-webm: aa71ff27fc2769a1b78a27578f13a17b -> 
  custom:video-decoder-webm-vp8: 9c59270c3fd7afecdb556c50c9e8de78 -> 
  custom:SearchIndexIgnoredProperties: e643bd26f0fe6173181afceb89e7c659 -> 
  custom:AudioImporter_EditorPlatform: d09bf68614088b80899f8185d706f6e7 -> 
  custom:video-encoder-webm-vp8: eb34c28f22e8b96e1ab97ce403110664 -> 
  custom:audio-decoder-ogg-vorbis: bf7c407c2cedff20999df2af8eb42d56 -> 
  custom:audio-encoder-webm-vorbis: bf7c407c2cedff20999df2af8eb42d56 -> 
